   1              		.syntax unified
   2              		.cpu cortex-m3
   3              		.fpu softvfp
   4              		.eabi_attribute 20, 1
   5              		.eabi_attribute 21, 1
   6              		.eabi_attribute 23, 3
   7              		.eabi_attribute 24, 1
   8              		.eabi_attribute 25, 1
   9              		.eabi_attribute 26, 1
  10              		.eabi_attribute 30, 4
  11              		.eabi_attribute 18, 4
  12              		.thumb
  13              		.file	"actuators.c"
  21              	.Ltext0:
  22              		.cfi_sections	.debug_frame
  23              		.global	actuators
  24              		.section	.bss.actuators,"aw",%nobits
  25              		.align	2
  28              	actuators:
  29 0000 00000000 		.space	10
  29      00000000 
  29      0000
  30 000a 0000     		.text
  31              	.Letext0:
  32              		.file 1 "/opt/paparazzi/arm-multilib/lib/gcc/arm-none-eabi/4.4.5/../../../../arm-none-eabi/include
  33              		.file 2 "actuators.c"
DEFINED SYMBOLS
                            *ABS*:00000000 actuators.c
     /tmp/cc2y3mqY.s:28     .bss.actuators:00000000 actuators
     /tmp/cc2y3mqY.s:25     .bss.actuators:00000000 $d

NO UNDEFINED SYMBOLS
