   1              		.syntax unified
   2              		.cpu cortex-m3
   3              		.fpu softvfp
   4              		.eabi_attribute 20, 1
   5              		.eabi_attribute 21, 1
   6              		.eabi_attribute 23, 3
   7              		.eabi_attribute 24, 1
   8              		.eabi_attribute 25, 1
   9              		.eabi_attribute 26, 1
  10              		.eabi_attribute 30, 4
  11              		.eabi_attribute 18, 4
  12              		.thumb
  13              		.file	"commands.c"
  21              	.Ltext0:
  22              		.cfi_sections	.debug_frame
  23              		.global	command_roll_trim
  24              		.global	command_pitch_trim
  25              		.global	commands_failsafe
  26              		.global	commands
  27              		.section	.bss.commands,"aw",%nobits
  28              		.align	2
  31              	commands:
  32 0000 00000000 		.space	6
  32      0000
  33 0006 0000     		.section	.bss.command_roll_trim,"aw",%nobits
  34              		.align	1
  37              	command_roll_trim:
  38 0000 0000     		.space	2
  39              		.section	.rodata.commands_failsafe,"a",%progbits
  40              		.align	2
  43              	commands_failsafe:
  44 0000 00000000 		.space	6
  44      0000
  45 0006 0000     		.section	.bss.command_pitch_trim,"aw",%nobits
  46              		.align	1
  49              	command_pitch_trim:
  50 0000 0000     		.space	2
  51              		.text
  52              	.Letext0:
  53              		.file 1 "/opt/paparazzi/arm-multilib/lib/gcc/arm-none-eabi/4.4.5/../../../../arm-none-eabi/include
  54              		.file 2 "paparazzi.h"
  55              		.file 3 "commands.c"
DEFINED SYMBOLS
                            *ABS*:00000000 commands.c
     /tmp/cc4bTEgf.s:37     .bss.command_roll_trim:00000000 command_roll_trim
     /tmp/cc4bTEgf.s:49     .bss.command_pitch_trim:00000000 command_pitch_trim
     /tmp/cc4bTEgf.s:43     .rodata.commands_failsafe:00000000 commands_failsafe
     /tmp/cc4bTEgf.s:31     .bss.commands:00000000 commands
     /tmp/cc4bTEgf.s:28     .bss.commands:00000000 $d
     /tmp/cc4bTEgf.s:34     .bss.command_roll_trim:00000000 $d
     /tmp/cc4bTEgf.s:40     .rodata.commands_failsafe:00000000 $d
     /tmp/cc4bTEgf.s:46     .bss.command_pitch_trim:00000000 $d

NO UNDEFINED SYMBOLS
