   1              		.syntax unified
   2              		.cpu cortex-m3
   3              		.fpu softvfp
   4              		.eabi_attribute 20, 1
   5              		.eabi_attribute 21, 1
   6              		.eabi_attribute 23, 3
   7              		.eabi_attribute 24, 1
   8              		.eabi_attribute 25, 1
   9              		.eabi_attribute 26, 1
  10              		.eabi_attribute 30, 4
  11              		.eabi_attribute 18, 4
  12              		.thumb
  13              		.file	"common_flight_plan.c"
  21              	.Ltext0:
  22              		.cfi_sections	.debug_frame
  23              		.section	.text.nav_init_block,"ax",%progbits
  24              		.align	1
  25              		.global	nav_init_block
  26              		.thumb
  27              		.thumb_func
  29              	nav_init_block:
  30              	.LFB0:
  31              		.file 1 "subsystems/navigation/common_flight_plan.c"
   1:subsystems/navigation/common_flight_plan.c **** /*
   2:subsystems/navigation/common_flight_plan.c ****  * $Id$
   3:subsystems/navigation/common_flight_plan.c ****  *
   4:subsystems/navigation/common_flight_plan.c ****  * Copyright (C) 2007-2009  ENAC, Pascal Brisset, Antoine Drouin
   5:subsystems/navigation/common_flight_plan.c ****  *
   6:subsystems/navigation/common_flight_plan.c ****  * This file is part of paparazzi.
   7:subsystems/navigation/common_flight_plan.c ****  *
   8:subsystems/navigation/common_flight_plan.c ****  * paparazzi is free software; you can redistribute it and/or modify
   9:subsystems/navigation/common_flight_plan.c ****  * it under the terms of the GNU General Public License as published by
  10:subsystems/navigation/common_flight_plan.c ****  * the Free Software Foundation; either version 2, or (at your option)
  11:subsystems/navigation/common_flight_plan.c ****  * any later version.
  12:subsystems/navigation/common_flight_plan.c ****  *
  13:subsystems/navigation/common_flight_plan.c ****  * paparazzi is distributed in the hope that it will be useful,
  14:subsystems/navigation/common_flight_plan.c ****  * but WITHOUT ANY WARRANTY; without even the implied warranty of
  15:subsystems/navigation/common_flight_plan.c ****  * MERCHANTABILITY or FITNESS FOR A PARTICULAR PURPOSE.  See the
  16:subsystems/navigation/common_flight_plan.c ****  * GNU General Public License for more details.
  17:subsystems/navigation/common_flight_plan.c ****  *
  18:subsystems/navigation/common_flight_plan.c ****  * You should have received a copy of the GNU General Public License
  19:subsystems/navigation/common_flight_plan.c ****  * along with paparazzi; see the file COPYING.  If not, write to
  20:subsystems/navigation/common_flight_plan.c ****  * the Free Software Foundation, 59 Temple Place - Suite 330,
  21:subsystems/navigation/common_flight_plan.c ****  * Boston, MA 02111-1307, USA.
  22:subsystems/navigation/common_flight_plan.c ****  *
  23:subsystems/navigation/common_flight_plan.c ****  */
  24:subsystems/navigation/common_flight_plan.c **** 
  25:subsystems/navigation/common_flight_plan.c **** #include "subsystems/navigation/common_flight_plan.h"
  26:subsystems/navigation/common_flight_plan.c **** 
  27:subsystems/navigation/common_flight_plan.c **** #include "generated/flight_plan.h"
  28:subsystems/navigation/common_flight_plan.c **** 
  29:subsystems/navigation/common_flight_plan.c **** 
  30:subsystems/navigation/common_flight_plan.c **** /** In s */
  31:subsystems/navigation/common_flight_plan.c **** uint16_t stage_time, block_time;
  32:subsystems/navigation/common_flight_plan.c **** 
  33:subsystems/navigation/common_flight_plan.c **** uint8_t nav_stage, nav_block;
  34:subsystems/navigation/common_flight_plan.c **** 
  35:subsystems/navigation/common_flight_plan.c **** /** To save the current block/stage to enable return */
  36:subsystems/navigation/common_flight_plan.c **** uint8_t last_block, last_stage;
  37:subsystems/navigation/common_flight_plan.c **** 
  38:subsystems/navigation/common_flight_plan.c **** 
  39:subsystems/navigation/common_flight_plan.c **** 
  40:subsystems/navigation/common_flight_plan.c **** void nav_init_block(void) {
  32              		.loc 1 40 0
  33              		.cfi_startproc
  34              		@ args = 0, pretend = 0, frame = 0
  35              		@ frame_needed = 0, uses_anonymous_args = 0
  36              		@ link register save eliminated.
  41:subsystems/navigation/common_flight_plan.c ****   if (nav_block >= NB_BLOCK)
  37              		.loc 1 41 0
  38 0000 054B     		ldr	r3, .L5
  39 0002 1A78     		ldrb	r2, [r3, #0]	@ zero_extendqisi2
  40 0004 0AB1     		cbz	r2, .L2
  42:subsystems/navigation/common_flight_plan.c ****     nav_block=NB_BLOCK-1;
  41              		.loc 1 42 0
  42 0006 0022     		movs	r2, #0
  43 0008 1A70     		strb	r2, [r3, #0]
  44              	.L2:
  43:subsystems/navigation/common_flight_plan.c ****   nav_stage = 0;
  45              		.loc 1 43 0
  46 000a 044A     		ldr	r2, .L5+4
  47 000c 0023     		movs	r3, #0
  48 000e 1370     		strb	r3, [r2, #0]
  44:subsystems/navigation/common_flight_plan.c ****   block_time = 0;
  49              		.loc 1 44 0
  50 0010 034A     		ldr	r2, .L5+8
  51 0012 1380     		strh	r3, [r2, #0]	@ movhi
  45:subsystems/navigation/common_flight_plan.c ****   InitStage();
  46:subsystems/navigation/common_flight_plan.c **** }
  52              		.loc 1 46 0
  45:subsystems/navigation/common_flight_plan.c ****   InitStage();
  53              		.loc 1 45 0
  54 0014 FFF7FEBF 		b	nav_init_stage
  55              	.L6:
  56              		.align	2
  57              	.L5:
  58 0018 00000000 		.word	.LANCHOR0
  59 001c 00000000 		.word	.LANCHOR1
  60 0020 00000000 		.word	.LANCHOR2
  61              		.cfi_endproc
  62              	.LFE0:
  64              		.section	.text.nav_goto_block,"ax",%progbits
  65              		.align	1
  66              		.global	nav_goto_block
  67              		.thumb
  68              		.thumb_func
  70              	nav_goto_block:
  71              	.LFB1:
  47:subsystems/navigation/common_flight_plan.c **** 
  48:subsystems/navigation/common_flight_plan.c **** void nav_goto_block(uint8_t b) {
  72              		.loc 1 48 0
  73              		.cfi_startproc
  74              		@ args = 0, pretend = 0, frame = 0
  75              		@ frame_needed = 0, uses_anonymous_args = 0
  76              		@ link register save eliminated.
  77              	.LVL0:
  49:subsystems/navigation/common_flight_plan.c ****   if (b != nav_block) { /* To avoid a loop in a the current block */
  78              		.loc 1 49 0
  79 0000 064B     		ldr	r3, .L10
  80 0002 1B78     		ldrb	r3, [r3, #0]	@ zero_extendqisi2
  81 0004 9842     		cmp	r0, r3
  82 0006 05D0     		beq	.L8
  50:subsystems/navigation/common_flight_plan.c ****     last_block = nav_block;
  83              		.loc 1 50 0
  84 0008 054A     		ldr	r2, .L10+4
  85 000a 1370     		strb	r3, [r2, #0]
  51:subsystems/navigation/common_flight_plan.c ****     last_stage = nav_stage;
  86              		.loc 1 51 0
  87 000c 054B     		ldr	r3, .L10+8
  88 000e 1A78     		ldrb	r2, [r3, #0]	@ zero_extendqisi2
  89 0010 054B     		ldr	r3, .L10+12
  90 0012 1A70     		strb	r2, [r3, #0]
  91              	.L8:
  52:subsystems/navigation/common_flight_plan.c ****   }
  53:subsystems/navigation/common_flight_plan.c ****   GotoBlock(b);
  92              		.loc 1 53 0
  93 0014 014B     		ldr	r3, .L10
  94 0016 1870     		strb	r0, [r3, #0]
  54:subsystems/navigation/common_flight_plan.c **** }
  95              		.loc 1 54 0
  53:subsystems/navigation/common_flight_plan.c ****   GotoBlock(b);
  96              		.loc 1 53 0
  97 0018 FFF7FEBF 		b	nav_init_block
  98              	.LVL1:
  99              	.L11:
 100              		.align	2
 101              	.L10:
 102 001c 00000000 		.word	.LANCHOR0
 103 0020 00000000 		.word	.LANCHOR3
 104 0024 00000000 		.word	.LANCHOR1
 105 0028 00000000 		.word	.LANCHOR4
 106              		.cfi_endproc
 107              	.LFE1:
 109              		.global	stage_time
 110              		.global	block_time
 111              		.global	nav_stage
 112              		.global	nav_block
 113              		.global	last_block
 114              		.global	last_stage
 115              		.section	.bss.stage_time,"aw",%nobits
 116              		.align	1
 119              	stage_time:
 120 0000 0000     		.space	2
 121              		.section	.bss.last_block,"aw",%nobits
 122              		.set	.LANCHOR3,. + 0
 125              	last_block:
 126 0000 00       		.space	1
 127              		.section	.bss.block_time,"aw",%nobits
 128              		.align	1
 129              		.set	.LANCHOR2,. + 0
 132              	block_time:
 133 0000 0000     		.space	2
 134              		.section	.bss.nav_block,"aw",%nobits
 135              		.set	.LANCHOR0,. + 0
 138              	nav_block:
 139 0000 00       		.space	1
 140              		.section	.bss.last_stage,"aw",%nobits
 141              		.set	.LANCHOR4,. + 0
 144              	last_stage:
 145 0000 00       		.space	1
 146              		.section	.bss.nav_stage,"aw",%nobits
 147              		.set	.LANCHOR1,. + 0
 150              	nav_stage:
 151 0000 00       		.space	1
 152              		.text
 153              	.Letext0:
DEFINED SYMBOLS
                            *ABS*:00000000 common_flight_plan.c
     /tmp/ccdbPmgs.s:24     .text.nav_init_block:00000000 $t
     /tmp/ccdbPmgs.s:29     .text.nav_init_block:00000000 nav_init_block
     /tmp/ccdbPmgs.s:58     .text.nav_init_block:00000018 $d
     /tmp/ccdbPmgs.s:65     .text.nav_goto_block:00000000 $t
     /tmp/ccdbPmgs.s:70     .text.nav_goto_block:00000000 nav_goto_block
     /tmp/ccdbPmgs.s:102    .text.nav_goto_block:0000001c $d
     /tmp/ccdbPmgs.s:119    .bss.stage_time:00000000 stage_time
     /tmp/ccdbPmgs.s:132    .bss.block_time:00000000 block_time
     /tmp/ccdbPmgs.s:150    .bss.nav_stage:00000000 nav_stage
     /tmp/ccdbPmgs.s:138    .bss.nav_block:00000000 nav_block
     /tmp/ccdbPmgs.s:125    .bss.last_block:00000000 last_block
     /tmp/ccdbPmgs.s:144    .bss.last_stage:00000000 last_stage
     /tmp/ccdbPmgs.s:116    .bss.stage_time:00000000 $d
     /tmp/ccdbPmgs.s:126    .bss.last_block:00000000 $d
     /tmp/ccdbPmgs.s:128    .bss.block_time:00000000 $d
     /tmp/ccdbPmgs.s:139    .bss.nav_block:00000000 $d
     /tmp/ccdbPmgs.s:145    .bss.last_stage:00000000 $d
     /tmp/ccdbPmgs.s:151    .bss.nav_stage:00000000 $d
                     .debug_frame:00000010 $d

UNDEFINED SYMBOLS
nav_init_stage
