   1              		.syntax unified
   2              		.cpu cortex-m3
   3              		.fpu softvfp
   4              		.eabi_attribute 20, 1
   5              		.eabi_attribute 21, 1
   6              		.eabi_attribute 23, 3
   7              		.eabi_attribute 24, 1
   8              		.eabi_attribute 25, 1
   9              		.eabi_attribute 26, 1
  10              		.eabi_attribute 30, 4
  11              		.eabi_attribute 18, 4
  12              		.thumb
  13              		.file	"i2c.c"
  21              	.Ltext0:
  22              		.cfi_sections	.debug_frame
  23              		.section	.text.i2c_init,"ax",%progbits
  24              		.align	1
  25              		.global	i2c_init
  26              		.thumb
  27              		.thumb_func
  29              	i2c_init:
  30              	.LFB25:
  31              		.file 1 "mcu_periph/i2c.c"
   1:mcu_periph/i2c.c **** #include "mcu_periph/i2c.h"
   2:mcu_periph/i2c.c **** 
   3:mcu_periph/i2c.c **** #ifdef USE_I2C0
   4:mcu_periph/i2c.c **** 
   5:mcu_periph/i2c.c **** struct i2c_periph i2c0;
   6:mcu_periph/i2c.c **** 
   7:mcu_periph/i2c.c **** void i2c0_init(void) {
   8:mcu_periph/i2c.c ****   i2c_init(&i2c0);
   9:mcu_periph/i2c.c ****   i2c0_hw_init();
  10:mcu_periph/i2c.c **** }
  11:mcu_periph/i2c.c **** 
  12:mcu_periph/i2c.c **** #endif /* USE_I2C0 */
  13:mcu_periph/i2c.c **** 
  14:mcu_periph/i2c.c **** 
  15:mcu_periph/i2c.c **** #ifdef USE_I2C1
  16:mcu_periph/i2c.c **** 
  17:mcu_periph/i2c.c **** struct i2c_periph i2c1;
  18:mcu_periph/i2c.c **** 
  19:mcu_periph/i2c.c **** void i2c1_init(void) {
  20:mcu_periph/i2c.c ****   i2c_init(&i2c1);
  21:mcu_periph/i2c.c ****   i2c1_hw_init();
  22:mcu_periph/i2c.c **** }
  23:mcu_periph/i2c.c **** 
  24:mcu_periph/i2c.c **** #endif /* USE_I2C1 */
  25:mcu_periph/i2c.c **** 
  26:mcu_periph/i2c.c **** 
  27:mcu_periph/i2c.c **** #ifdef USE_I2C2
  28:mcu_periph/i2c.c **** 
  29:mcu_periph/i2c.c **** struct i2c_periph i2c2;
  30:mcu_periph/i2c.c **** 
  31:mcu_periph/i2c.c **** void i2c2_init(void) {
  32:mcu_periph/i2c.c ****   i2c_init(&i2c2);
  33:mcu_periph/i2c.c ****   i2c2_hw_init();
  34:mcu_periph/i2c.c **** }
  35:mcu_periph/i2c.c **** 
  36:mcu_periph/i2c.c **** #endif /* USE_I2C2 */
  37:mcu_periph/i2c.c **** 
  38:mcu_periph/i2c.c **** void   i2c_init(struct i2c_periph* p) {
  32              		.loc 1 38 0
  33              		.cfi_startproc
  34              		@ args = 0, pretend = 0, frame = 0
  35              		@ frame_needed = 0, uses_anonymous_args = 0
  36              		@ link register save eliminated.
  37              	.LVL0:
  39:mcu_periph/i2c.c ****   p->trans_insert_idx = 0;
  38              		.loc 1 39 0
  39 0000 0023     		movs	r3, #0
  40 0002 80F82030 		strb	r3, [r0, #32]
  40:mcu_periph/i2c.c ****   p->trans_extract_idx = 0;
  41              		.loc 1 40 0
  42 0006 80F82130 		strb	r3, [r0, #33]
  41:mcu_periph/i2c.c ****   p->status = I2CIdle;
  43              		.loc 1 41 0
  44 000a 80F82230 		strb	r3, [r0, #34]
  42:mcu_periph/i2c.c **** }
  45              		.loc 1 42 0
  46 000e 7047     		bx	lr
  47              		.cfi_endproc
  48              	.LFE25:
  50              		.section	.text.i2c2_init,"ax",%progbits
  51              		.align	1
  52              		.global	i2c2_init
  53              		.thumb
  54              		.thumb_func
  56              	i2c2_init:
  57              	.LFB24:
  31:mcu_periph/i2c.c **** void i2c2_init(void) {
  58              		.loc 1 31 0
  59              		.cfi_startproc
  60              		@ args = 0, pretend = 0, frame = 0
  61              		@ frame_needed = 0, uses_anonymous_args = 0
  62 0000 10B5     		push	{r4, lr}
  63              	.LCFI0:
  64              		.cfi_def_cfa_offset 8
  32:mcu_periph/i2c.c ****   i2c_init(&i2c2);
  65              		.loc 1 32 0
  66 0002 0348     		ldr	r0, .L5
  67              		.cfi_offset 14, -4
  68              		.cfi_offset 4, -8
  69 0004 FFF7FEFF 		bl	i2c_init
  34:mcu_periph/i2c.c **** }
  70              		.loc 1 34 0
  71 0008 BDE81040 		pop	{r4, lr}
  33:mcu_periph/i2c.c ****   i2c2_hw_init();
  72              		.loc 1 33 0
  73 000c FFF7FEBF 		b	i2c2_hw_init
  74              	.L6:
  75              		.align	2
  76              	.L5:
  77 0010 00000000 		.word	.LANCHOR0
  78              		.cfi_endproc
  79              	.LFE24:
  81              		.global	i2c2
  82              		.section	.bss.i2c2,"aw",%nobits
  83              		.align	2
  84              		.set	.LANCHOR0,. + 0
  87              	i2c2:
  88 0000 00000000 		.space	52
  88      00000000 
  88      00000000 
  88      00000000 
  88      00000000 
  89              		.text
  90              	.Letext0:
DEFINED SYMBOLS
                            *ABS*:00000000 i2c.c
     /tmp/ccRhUgZE.s:24     .text.i2c_init:00000000 $t
     /tmp/ccRhUgZE.s:29     .text.i2c_init:00000000 i2c_init
     /tmp/ccRhUgZE.s:51     .text.i2c2_init:00000000 $t
     /tmp/ccRhUgZE.s:56     .text.i2c2_init:00000000 i2c2_init
     /tmp/ccRhUgZE.s:77     .text.i2c2_init:00000010 $d
     /tmp/ccRhUgZE.s:87     .bss.i2c2:00000000 i2c2
     /tmp/ccRhUgZE.s:83     .bss.i2c2:00000000 $d
                     .debug_frame:00000010 $d

UNDEFINED SYMBOLS
i2c2_hw_init
