   1              		.syntax unified
   2              		.cpu cortex-m3
   3              		.fpu softvfp
   4              		.eabi_attribute 20, 1
   5              		.eabi_attribute 21, 1
   6              		.eabi_attribute 23, 3
   7              		.eabi_attribute 24, 1
   8              		.eabi_attribute 25, 1
   9              		.eabi_attribute 26, 1
  10              		.eabi_attribute 30, 4
  11              		.eabi_attribute 18, 4
  12              		.thumb
  13              		.file	"nav_survey_rectangle.c"
  21              	.Ltext0:
  22              		.cfi_sections	.debug_frame
  23              		.global	__aeabi_fcmplt
  24              		.global	__aeabi_fcmpgt
  25              		.global	__aeabi_f2d
  26              		.global	__aeabi_dmul
  27              		.global	__aeabi_dadd
  28              		.global	__aeabi_dcmpgt
  29              		.global	__aeabi_dcmplt
  30              		.global	__aeabi_d2f
  31              		.section	.text.nav_survey_rectangle_init,"ax",%progbits
  32              		.align	1
  33              		.global	nav_survey_rectangle_init
  34              		.thumb
  35              		.thumb_func
  37              	nav_survey_rectangle_init:
  38              	.LFB0:
  39              		.file 1 "subsystems/navigation/nav_survey_rectangle.c"
   1:subsystems/navigation/nav_survey_rectangle.c **** #include "subsystems/navigation/nav_survey_rectangle.h"
   2:subsystems/navigation/nav_survey_rectangle.c **** #include "estimator.h"
   3:subsystems/navigation/nav_survey_rectangle.c **** 
   4:subsystems/navigation/nav_survey_rectangle.c **** static struct point survey_from;
   5:subsystems/navigation/nav_survey_rectangle.c **** static struct point survey_to;
   6:subsystems/navigation/nav_survey_rectangle.c **** static bool_t survey_uturn __attribute__ ((unused)) = FALSE;
   7:subsystems/navigation/nav_survey_rectangle.c **** static survey_orientation_t survey_orientation = NS;
   8:subsystems/navigation/nav_survey_rectangle.c **** 
   9:subsystems/navigation/nav_survey_rectangle.c **** #define SurveyGoingNorth() ((survey_orientation == NS) && (survey_to.y > survey_from.y))
  10:subsystems/navigation/nav_survey_rectangle.c **** #define SurveyGoingSouth() ((survey_orientation == NS) && (survey_to.y < survey_from.y))
  11:subsystems/navigation/nav_survey_rectangle.c **** #define SurveyGoingEast() ((survey_orientation == WE) && (survey_to.x > survey_from.x))
  12:subsystems/navigation/nav_survey_rectangle.c **** #define SurveyGoingWest() ((survey_orientation == WE) && (survey_to.x < survey_from.x))
  13:subsystems/navigation/nav_survey_rectangle.c **** 
  14:subsystems/navigation/nav_survey_rectangle.c **** #include "generated/flight_plan.h"
  15:subsystems/navigation/nav_survey_rectangle.c **** 
  16:subsystems/navigation/nav_survey_rectangle.c **** #ifndef LINE_START_FUNCTION
  17:subsystems/navigation/nav_survey_rectangle.c **** #define LINE_START_FUNCTION {}
  18:subsystems/navigation/nav_survey_rectangle.c **** #endif
  19:subsystems/navigation/nav_survey_rectangle.c **** #ifndef LINE_STOP_FUNCTION
  20:subsystems/navigation/nav_survey_rectangle.c **** #define LINE_STOP_FUNCTION {}
  21:subsystems/navigation/nav_survey_rectangle.c **** #endif
  22:subsystems/navigation/nav_survey_rectangle.c **** 
  23:subsystems/navigation/nav_survey_rectangle.c **** 
  24:subsystems/navigation/nav_survey_rectangle.c **** void nav_survey_rectangle_init(uint8_t wp1, uint8_t wp2, float grid, survey_orientation_t so) {
  40              		.loc 1 24 0
  41              		.cfi_startproc
  42              		@ args = 0, pretend = 0, frame = 24
  43              		@ frame_needed = 0, uses_anonymous_args = 0
  44              	.LVL0:
  45 0000 2DE9F04F 		push	{r4, r5, r6, r7, r8, r9, sl, fp, lr}
  46              	.LCFI0:
  47              		.cfi_def_cfa_offset 36
  48 0004 0F46     		mov	r7, r1
  49              		.cfi_offset 14, -4
  50              		.cfi_offset 11, -8
  51              		.cfi_offset 10, -12
  52              		.cfi_offset 9, -16
  53              		.cfi_offset 8, -20
  54              		.cfi_offset 7, -24
  55              		.cfi_offset 6, -28
  56              		.cfi_offset 5, -32
  57              		.cfi_offset 4, -36
  58 0006 9146     		mov	r9, r2
  25:subsystems/navigation/nav_survey_rectangle.c ****   nav_survey_west = Min(WaypointX(wp1), WaypointX(wp2));
  59              		.loc 1 25 0
  60 0008 0C22     		movs	r2, #12
  61              	.LVL1:
  62 000a 02FB00F1 		mul	r1, r2, r0
  63              	.LVL2:
  64 000e 7A43     		muls	r2, r7, r2
  24:subsystems/navigation/nav_survey_rectangle.c **** void nav_survey_rectangle_init(uint8_t wp1, uint8_t wp2, float grid, survey_orientation_t so) {
  65              		.loc 1 24 0
  66 0010 9A46     		mov	sl, r3
  67              		.loc 1 25 0
  68 0012 894B     		ldr	r3, .L44+16
  69              	.LVL3:
  24:subsystems/navigation/nav_survey_rectangle.c **** void nav_survey_rectangle_init(uint8_t wp1, uint8_t wp2, float grid, survey_orientation_t so) {
  70              		.loc 1 24 0
  71 0014 0546     		mov	r5, r0
  72              		.loc 1 25 0
  73 0016 CC58     		ldr	r4, [r1, r3]	@ float
  74              	.LVL4:
  75 0018 52F80380 		ldr	r8, [r2, r3]	@ float
  76              	.LVL5:
  24:subsystems/navigation/nav_survey_rectangle.c **** void nav_survey_rectangle_init(uint8_t wp1, uint8_t wp2, float grid, survey_orientation_t so) {
  77              		.loc 1 24 0
  78 001c 87B0     		sub	sp, sp, #28
  79              	.LCFI1:
  80              		.cfi_def_cfa_offset 64
  81              		.loc 1 25 0
  82 001e 2046     		mov	r0, r4
  83              	.LVL6:
  84 0020 4146     		mov	r1, r8
  85 0022 FFF7FEFF 		bl	__aeabi_fcmplt
  86 0026 08B9     		cbnz	r0, .L2
  87 0028 4646     		mov	r6, r8
  88 002a 00E0     		b	.L3
  89              	.LVL7:
  90              	.L2:
  91 002c 2646     		mov	r6, r4
  92              	.LVL8:
  93              	.L3:
  94 002e 834B     		ldr	r3, .L44+20
  26:subsystems/navigation/nav_survey_rectangle.c ****   nav_survey_east = Max(WaypointX(wp1), WaypointX(wp2));
  95              		.loc 1 26 0
  96 0030 2046     		mov	r0, r4
  25:subsystems/navigation/nav_survey_rectangle.c ****   nav_survey_west = Min(WaypointX(wp1), WaypointX(wp2));
  97              		.loc 1 25 0
  98 0032 1E60     		str	r6, [r3, #0]	@ float
  99              		.loc 1 26 0
 100 0034 4146     		mov	r1, r8
 101 0036 FFF7FEFF 		bl	__aeabi_fcmpgt
 102 003a 00B9     		cbnz	r0, .L4
 103              	.LVL9:
 104 003c 4446     		mov	r4, r8
 105              	.L4:
 106 003e 804B     		ldr	r3, .L44+24
  27:subsystems/navigation/nav_survey_rectangle.c ****   nav_survey_south = Min(WaypointY(wp1), WaypointY(wp2));
 107              		.loc 1 27 0
 108 0040 0C22     		movs	r2, #12
  26:subsystems/navigation/nav_survey_rectangle.c ****   nav_survey_east = Max(WaypointX(wp1), WaypointX(wp2));
 109              		.loc 1 26 0
 110 0042 1C60     		str	r4, [r3, #0]	@ float
 111              		.loc 1 27 0
 112 0044 7C4B     		ldr	r3, .L44+16
 113 0046 02FB0535 		mla	r5, r2, r5, r3
 114              	.LVL10:
 115 004a 02FB0737 		mla	r7, r2, r7, r3
 116              	.LVL11:
 117 004e 6D68     		ldr	r5, [r5, #4]	@ float
 118              	.LVL12:
 119 0050 D7F80480 		ldr	r8, [r7, #4]	@ float
 120              	.LVL13:
 121 0054 2846     		mov	r0, r5
 122 0056 4146     		mov	r1, r8
 123 0058 FFF7FEFF 		bl	__aeabi_fcmplt
 124 005c 08B9     		cbnz	r0, .L5
 125 005e 4746     		mov	r7, r8
 126 0060 00E0     		b	.L6
 127              	.LVL14:
 128              	.L5:
 129 0062 2F46     		mov	r7, r5
 130              	.LVL15:
 131              	.L6:
 132 0064 774B     		ldr	r3, .L44+28
  28:subsystems/navigation/nav_survey_rectangle.c ****   nav_survey_north = Max(WaypointY(wp1), WaypointY(wp2));
 133              		.loc 1 28 0
 134 0066 2846     		mov	r0, r5
  27:subsystems/navigation/nav_survey_rectangle.c ****   nav_survey_south = Min(WaypointY(wp1), WaypointY(wp2));
 135              		.loc 1 27 0
 136 0068 1F60     		str	r7, [r3, #0]	@ float
 137              		.loc 1 28 0
 138 006a 4146     		mov	r1, r8
 139 006c FFF7FEFF 		bl	__aeabi_fcmpgt
 140 0070 00B9     		cbnz	r0, .L7
 141              	.LVL16:
 142 0072 4546     		mov	r5, r8
 143              	.L7:
 144 0074 744B     		ldr	r3, .L44+32
 145 0076 1D60     		str	r5, [r3, #0]	@ float
  29:subsystems/navigation/nav_survey_rectangle.c ****   survey_orientation = so;
 146              		.loc 1 29 0
 147 0078 744B     		ldr	r3, .L44+36
 148 007a 83F800A0 		strb	sl, [r3, #0]
  30:subsystems/navigation/nav_survey_rectangle.c **** 
  31:subsystems/navigation/nav_survey_rectangle.c ****   if (survey_orientation == NS) {
 149              		.loc 1 31 0
 150 007e BAF1000F 		cmp	sl, #0
 151 0082 40F08280 		bne	.L8
 152              	.LVL17:
  32:subsystems/navigation/nav_survey_rectangle.c ****     survey_from.x = survey_to.x = Min(Max(estimator_x, nav_survey_west+grid/2.), nav_survey_east-gr
 153              		.loc 1 32 0
 154 0086 724B     		ldr	r3, .L44+40
 155 0088 D3F80080 		ldr	r8, [r3, #0]	@ float
 156 008c 4046     		mov	r0, r8
 157 008e FFF7FEFF 		bl	__aeabi_f2d
 158 0092 CDE90201 		strd	r0, [sp, #8]
 159 0096 4846     		mov	r0, r9
 160 0098 FFF7FEFF 		bl	__aeabi_f2d
 161 009c CDE90401 		strd	r0, [sp, #16]
 162 00a0 3046     		mov	r0, r6
 163 00a2 FFF7FEFF 		bl	__aeabi_f2d
 164 00a6 0022     		movs	r2, #0
 165 00a8 CDE90001 		strd	r0, [sp]
 166 00ac DDE90401 		ldrd	r0, [sp, #16]
 167 00b0 684B     		ldr	r3, .L44+44
 168 00b2 FFF7FEFF 		bl	__aeabi_dmul
 169 00b6 0246     		mov	r2, r0
 170 00b8 0B46     		mov	r3, r1
 171 00ba DDE90001 		ldrd	r0, [sp]
 172 00be FFF7FEFF 		bl	__aeabi_dadd
 173 00c2 CDE90001 		strd	r0, [sp]
 174 00c6 DDE90023 		ldrd	r2, [sp]
 175 00ca DDE90201 		ldrd	r0, [sp, #8]
 176 00ce FFF7FEFF 		bl	__aeabi_dcmpgt
 177 00d2 08B1     		cbz	r0, .L9
 178              	.LVL18:
 179 00d4 4FF0010A 		mov	sl, #1
 180              	.LVL19:
 181              	.L9:
 182 00d8 5FFA8AF6 		uxtb	r6, sl
 183              	.LVL20:
 184 00dc 1EB9     		cbnz	r6, .L11
 185 00de DDE90023 		ldrd	r2, [sp]
 186 00e2 CDE90223 		strd	r2, [sp, #8]
 187              	.L11:
 188 00e6 2046     		mov	r0, r4
 189 00e8 FFF7FEFF 		bl	__aeabi_f2d
 190 00ec 0022     		movs	r2, #0
 191 00ee 8246     		mov	sl, r0
 192              	.LVL21:
 193 00f0 8B46     		mov	fp, r1
 194 00f2 594B     		ldr	r3, .L44+48
 195 00f4 DDE90401 		ldrd	r0, [sp, #16]
 196 00f8 FFF7FEFF 		bl	__aeabi_dmul
 197 00fc 0246     		mov	r2, r0
 198 00fe 0B46     		mov	r3, r1
 199 0100 5046     		mov	r0, sl
 200 0102 5946     		mov	r1, fp
 201 0104 FFF7FEFF 		bl	__aeabi_dadd
 202 0108 8246     		mov	sl, r0
 203 010a 8B46     		mov	fp, r1
 204 010c 5246     		mov	r2, sl
 205 010e DDE90201 		ldrd	r0, [sp, #8]
 206 0112 5B46     		mov	r3, fp
 207 0114 FFF7FEFF 		bl	__aeabi_dcmplt
 208 0118 18B1     		cbz	r0, .L37
 209 011a 3EB9     		cbnz	r6, .L14
 210 011c DDE90001 		ldrd	r0, [sp]
 211 0120 01E0     		b	.L39
 212              	.L37:
 213 0122 5046     		mov	r0, sl
 214 0124 5946     		mov	r1, fp
 215              	.L39:
 216 0126 FFF7FEFF 		bl	__aeabi_d2f
 217 012a 8046     		mov	r8, r0
 218              	.L14:
 219 012c 4B4B     		ldr	r3, .L44+52
  33:subsystems/navigation/nav_survey_rectangle.c ****     if (estimator_y > nav_survey_north || (estimator_y > nav_survey_south && estimator_hspeed_dir >
 220              		.loc 1 33 0
 221 012e 2946     		mov	r1, r5
  32:subsystems/navigation/nav_survey_rectangle.c ****     survey_from.x = survey_to.x = Min(Max(estimator_x, nav_survey_west+grid/2.), nav_survey_east-gr
 222              		.loc 1 32 0
 223 0130 C3F80080 		str	r8, [r3, #0]	@ float
 224 0134 4A4B     		ldr	r3, .L44+56
 225 0136 C3F80080 		str	r8, [r3, #0]	@ float
 226              		.loc 1 33 0
 227 013a 4A4B     		ldr	r3, .L44+60
 228 013c 1C68     		ldr	r4, [r3, #0]	@ float
 229              	.LVL22:
 230 013e 2046     		mov	r0, r4
 231 0140 FFF7FEFF 		bl	__aeabi_fcmpgt
 232 0144 C0B9     		cbnz	r0, .L15
 233 0146 2046     		mov	r0, r4
 234 0148 3946     		mov	r1, r7
 235 014a FFF7FEFF 		bl	__aeabi_fcmpgt
 236 014e B8B1     		cbz	r0, .L16
 237              	.LVL23:
 238 0150 454B     		ldr	r3, .L44+64
 239 0152 1868     		ldr	r0, [r3, #0]	@ float
 240 0154 FFF7FEFF 		bl	__aeabi_f2d
 241 0158 33A3     		adr	r3, .L44
 242 015a D3E90023 		ldrd	r2, [r3]
 243 015e 8246     		mov	sl, r0
 244 0160 8B46     		mov	fp, r1
 245 0162 FFF7FEFF 		bl	__aeabi_dcmpgt
 246 0166 58B1     		cbz	r0, .L16
 247 0168 5046     		mov	r0, sl
 248 016a 5946     		mov	r1, fp
 249 016c 30A3     		adr	r3, .L44+8
 250 016e D3E90023 		ldrd	r2, [r3]
 251 0172 FFF7FEFF 		bl	__aeabi_dcmplt
 252 0176 18B1     		cbz	r0, .L16
 253              	.LVL24:
 254              	.L15:
  34:subsystems/navigation/nav_survey_rectangle.c ****       survey_to.y = nav_survey_south;
 255              		.loc 1 34 0
 256 0178 384B     		ldr	r3, .L44+52
 257 017a 5F60     		str	r7, [r3, #4]	@ float
  35:subsystems/navigation/nav_survey_rectangle.c ****       survey_from.y = nav_survey_north;
 258              		.loc 1 35 0
 259 017c 384B     		ldr	r3, .L44+56
 260 017e 02E0     		b	.L41
 261              	.LVL25:
 262              	.L16:
  36:subsystems/navigation/nav_survey_rectangle.c ****     } else {
  37:subsystems/navigation/nav_survey_rectangle.c ****       survey_from.y = nav_survey_south;
 263              		.loc 1 37 0
 264 0180 374B     		ldr	r3, .L44+56
 265 0182 5F60     		str	r7, [r3, #4]	@ float
  38:subsystems/navigation/nav_survey_rectangle.c ****       survey_to.y = nav_survey_north;
 266              		.loc 1 38 0
 267 0184 354B     		ldr	r3, .L44+52
 268              	.L41:
 269 0186 5D60     		str	r5, [r3, #4]	@ float
 270 0188 99E0     		b	.L20
 271              	.LVL26:
 272              	.L8:
  39:subsystems/navigation/nav_survey_rectangle.c ****     }
  40:subsystems/navigation/nav_survey_rectangle.c ****   } else { /* survey_orientation == WE */
  41:subsystems/navigation/nav_survey_rectangle.c ****     survey_from.y = survey_to.y = Min(Max(estimator_y, nav_survey_south+grid/2.), nav_survey_north-
 273              		.loc 1 41 0
 274 018a 364B     		ldr	r3, .L44+60
 275 018c D3F80080 		ldr	r8, [r3, #0]	@ float
 276 0190 4046     		mov	r0, r8
 277 0192 FFF7FEFF 		bl	__aeabi_f2d
 278 0196 CDE90001 		strd	r0, [sp]
 279 019a 4846     		mov	r0, r9
 280 019c FFF7FEFF 		bl	__aeabi_f2d
 281 01a0 CDE90201 		strd	r0, [sp, #8]
 282 01a4 3846     		mov	r0, r7
 283 01a6 FFF7FEFF 		bl	__aeabi_f2d
 284 01aa 0022     		movs	r2, #0
 285 01ac 8246     		mov	sl, r0
 286              	.LVL27:
 287 01ae 8B46     		mov	fp, r1
 288 01b0 284B     		ldr	r3, .L44+44
 289 01b2 DDE90201 		ldrd	r0, [sp, #8]
 290 01b6 FFF7FEFF 		bl	__aeabi_dmul
 291 01ba 0246     		mov	r2, r0
 292 01bc 0B46     		mov	r3, r1
 293 01be 5046     		mov	r0, sl
 294 01c0 5946     		mov	r1, fp
 295 01c2 FFF7FEFF 		bl	__aeabi_dadd
 296 01c6 8246     		mov	sl, r0
 297 01c8 8B46     		mov	fp, r1
 298 01ca 5246     		mov	r2, sl
 299 01cc DDE90001 		ldrd	r0, [sp]
 300 01d0 5B46     		mov	r3, fp
 301 01d2 4FF00007 		mov	r7, #0
 302 01d6 FFF7FEFF 		bl	__aeabi_dcmpgt
 303 01da 08B1     		cbz	r0, .L21
 304 01dc 4FF00107 		mov	r7, #1
 305              	.L21:
 306 01e0 FFB2     		uxtb	r7, r7
 307 01e2 0FB9     		cbnz	r7, .L23
 308 01e4 CDE900AB 		strd	sl, [sp]
 309              	.L23:
 310 01e8 2846     		mov	r0, r5
 311 01ea FFF7FEFF 		bl	__aeabi_f2d
 312 01ee 0022     		movs	r2, #0
 313 01f0 CDE90401 		strd	r0, [sp, #16]
 314 01f4 DDE90201 		ldrd	r0, [sp, #8]
 315 01f8 174B     		ldr	r3, .L44+48
 316 01fa FFF7FEFF 		bl	__aeabi_dmul
 317 01fe 0246     		mov	r2, r0
 318 0200 0B46     		mov	r3, r1
 319 0202 DDE90401 		ldrd	r0, [sp, #16]
 320 0206 FFF7FEFF 		bl	__aeabi_dadd
 321 020a CDE90201 		strd	r0, [sp, #8]
 322 020e DDE90223 		ldrd	r2, [sp, #8]
 323 0212 DDE90001 		ldrd	r0, [sp]
 324 0216 FFF7FEFF 		bl	__aeabi_dcmplt
 325 021a 38B3     		cbz	r0, .L38
 326 021c 5FBB     		cbnz	r7, .L26
 327 021e 5046     		mov	r0, sl
 328 0220 5946     		mov	r1, fp
 329 0222 25E0     		b	.L40
 330              	.L45:
 331 0224 AFF30080 		.align	3
 332              	.L44:
 333 0228 182D4454 		.word	1413754136
 334 022c FB21F93F 		.word	1073291771
 335 0230 D221337F 		.word	2134057426
 336 0234 7CD91240 		.word	1074977148
 337 0238 00000000 		.word	waypoints
 338 023c 00000000 		.word	nav_survey_west
 339 0240 00000000 		.word	nav_survey_east
 340 0244 00000000 		.word	nav_survey_south
 341 0248 00000000 		.word	nav_survey_north
 342 024c 00000000 		.word	.LANCHOR0
 343 0250 00000000 		.word	estimator_x
 344 0254 0000E03F 		.word	1071644672
 345 0258 0000E0BF 		.word	-1075838976
 346 025c 00000000 		.word	.LANCHOR1
 347 0260 00000000 		.word	.LANCHOR2
 348 0264 00000000 		.word	estimator_y
 349 0268 00000000 		.word	estimator_hspeed_dir
 350              	.L38:
 351 026c DDE90201 		ldrd	r0, [sp, #8]
 352              	.L40:
 353 0270 FFF7FEFF 		bl	__aeabi_d2f
 354 0274 8046     		mov	r8, r0
 355              	.L26:
 356 0276 184B     		ldr	r3, .L46+8
  42:subsystems/navigation/nav_survey_rectangle.c ****     if (estimator_x > nav_survey_east || (estimator_x > nav_survey_west && estimator_hspeed_dir > M
 357              		.loc 1 42 0
 358 0278 2146     		mov	r1, r4
  41:subsystems/navigation/nav_survey_rectangle.c ****     survey_from.y = survey_to.y = Min(Max(estimator_y, nav_survey_south+grid/2.), nav_survey_north-
 359              		.loc 1 41 0
 360 027a C3F80480 		str	r8, [r3, #4]	@ float
 361 027e 174B     		ldr	r3, .L46+12
 362 0280 C3F80480 		str	r8, [r3, #4]	@ float
 363              		.loc 1 42 0
 364 0284 164B     		ldr	r3, .L46+16
 365 0286 1D68     		ldr	r5, [r3, #0]	@ float
 366              	.LVL28:
 367 0288 2846     		mov	r0, r5
 368 028a FFF7FEFF 		bl	__aeabi_fcmpgt
 369 028e 70B9     		cbnz	r0, .L27
 370 0290 2846     		mov	r0, r5
 371 0292 3146     		mov	r1, r6
 372 0294 FFF7FEFF 		bl	__aeabi_fcmpgt
 373 0298 68B1     		cbz	r0, .L28
 374              	.LVL29:
 375 029a 124B     		ldr	r3, .L46+20
 376 029c 1868     		ldr	r0, [r3, #0]	@ float
 377 029e FFF7FEFF 		bl	__aeabi_f2d
 378 02a2 0BA3     		adr	r3, .L46
 379 02a4 D3E90023 		ldrd	r2, [r3]
 380 02a8 FFF7FEFF 		bl	__aeabi_dcmpgt
 381 02ac 18B1     		cbz	r0, .L28
 382              	.LVL30:
 383              	.L27:
  43:subsystems/navigation/nav_survey_rectangle.c ****       survey_to.x = nav_survey_west;
 384              		.loc 1 43 0
 385 02ae 0A4B     		ldr	r3, .L46+8
 386 02b0 1E60     		str	r6, [r3, #0]	@ float
  44:subsystems/navigation/nav_survey_rectangle.c ****       survey_from.x = nav_survey_east;
 387              		.loc 1 44 0
 388 02b2 0A4B     		ldr	r3, .L46+12
 389 02b4 02E0     		b	.L42
 390              	.LVL31:
 391              	.L28:
  45:subsystems/navigation/nav_survey_rectangle.c ****     } else {
  46:subsystems/navigation/nav_survey_rectangle.c ****       survey_from.x = nav_survey_west;
 392              		.loc 1 46 0
 393 02b6 094B     		ldr	r3, .L46+12
 394 02b8 1E60     		str	r6, [r3, #0]	@ float
  47:subsystems/navigation/nav_survey_rectangle.c ****       survey_to.x = nav_survey_east;
 395              		.loc 1 47 0
 396 02ba 074B     		ldr	r3, .L46+8
 397              	.L42:
 398 02bc 1C60     		str	r4, [r3, #0]	@ float
 399              	.LVL32:
 400              	.L20:
  48:subsystems/navigation/nav_survey_rectangle.c ****     }
  49:subsystems/navigation/nav_survey_rectangle.c ****   }
  50:subsystems/navigation/nav_survey_rectangle.c ****   nav_survey_shift = grid;
 401              		.loc 1 50 0
 402 02be 0A4B     		ldr	r3, .L46+24
  51:subsystems/navigation/nav_survey_rectangle.c ****   survey_uturn = FALSE;
 403              		.loc 1 51 0
 404 02c0 0022     		movs	r2, #0
  50:subsystems/navigation/nav_survey_rectangle.c ****   nav_survey_shift = grid;
 405              		.loc 1 50 0
 406 02c2 C3F80090 		str	r9, [r3, #0]	@ float
 407              		.loc 1 51 0
 408 02c6 094B     		ldr	r3, .L46+28
 409 02c8 1A70     		strb	r2, [r3, #0]
  52:subsystems/navigation/nav_survey_rectangle.c ****   LINE_START_FUNCTION;
  53:subsystems/navigation/nav_survey_rectangle.c **** }
 410              		.loc 1 53 0
 411 02ca 07B0     		add	sp, sp, #28
 412 02cc BDE8F08F 		pop	{r4, r5, r6, r7, r8, r9, sl, fp, pc}
 413              	.L47:
 414              		.align	3
 415              	.L46:
 416 02d0 182D4454 		.word	1413754136
 417 02d4 FB210940 		.word	1074340347
 418 02d8 00000000 		.word	.LANCHOR1
 419 02dc 00000000 		.word	.LANCHOR2
 420 02e0 00000000 		.word	estimator_x
 421 02e4 00000000 		.word	estimator_hspeed_dir
 422 02e8 00000000 		.word	nav_survey_shift
 423 02ec 00000000 		.word	.LANCHOR3
 424              		.cfi_endproc
 425              	.LFE0:
 427              		.global	__aeabi_fadd
 428              		.global	__aeabi_fmul
 429              		.global	__aeabi_fsub
 430              		.global	__aeabi_fcmpge
 431              		.section	.text.nav_survey_rectangle,"ax",%progbits
 432              		.align	1
 433              		.global	nav_survey_rectangle
 434              		.thumb
 435              		.thumb_func
 437              	nav_survey_rectangle:
 438              	.LFB1:
  54:subsystems/navigation/nav_survey_rectangle.c **** 
  55:subsystems/navigation/nav_survey_rectangle.c **** 
  56:subsystems/navigation/nav_survey_rectangle.c **** void nav_survey_rectangle(uint8_t wp1, uint8_t wp2) {
 439              		.loc 1 56 0
 440              		.cfi_startproc
 441              		@ args = 0, pretend = 0, frame = 8
 442              		@ frame_needed = 0, uses_anonymous_args = 0
 443              	.LVL33:
  57:subsystems/navigation/nav_survey_rectangle.c ****   static float survey_radius;
  58:subsystems/navigation/nav_survey_rectangle.c **** 
  59:subsystems/navigation/nav_survey_rectangle.c ****   nav_survey_active = TRUE;
 444              		.loc 1 59 0
 445 0000 904B     		ldr	r3, .L149
  56:subsystems/navigation/nav_survey_rectangle.c **** void nav_survey_rectangle(uint8_t wp1, uint8_t wp2) {
 446              		.loc 1 56 0
 447 0002 2DE9F74F 		push	{r0, r1, r2, r4, r5, r6, r7, r8, r9, sl, fp, lr}
 448              	.LCFI2:
 449              		.cfi_def_cfa_offset 48
 450              	.LVL34:
 451              		.loc 1 59 0
 452 0006 0122     		movs	r2, #1
 453              		.cfi_offset 14, -4
 454              		.cfi_offset 11, -8
 455              		.cfi_offset 10, -12
 456              		.cfi_offset 9, -16
 457              		.cfi_offset 8, -20
 458              		.cfi_offset 7, -24
 459              		.cfi_offset 6, -28
 460              		.cfi_offset 5, -32
 461              		.cfi_offset 4, -36
 462              		.cfi_offset 2, -40
 463              		.cfi_offset 1, -44
 464              		.cfi_offset 0, -48
 465 0008 1A70     		strb	r2, [r3, #0]
  56:subsystems/navigation/nav_survey_rectangle.c **** void nav_survey_rectangle(uint8_t wp1, uint8_t wp2) {
 466              		.loc 1 56 0
 467 000a 0F46     		mov	r7, r1
 468              	.LVL35:
  60:subsystems/navigation/nav_survey_rectangle.c **** 
  61:subsystems/navigation/nav_survey_rectangle.c ****   nav_survey_west = Min(WaypointX(wp1), WaypointX(wp2));
 469              		.loc 1 61 0
 470 000c 0B32     		adds	r2, r2, #11
 471 000e 02FB00F1 		mul	r1, r2, r0
 472              	.LVL36:
 473 0012 7A43     		muls	r2, r7, r2
 474 0014 8C4B     		ldr	r3, .L149+4
  56:subsystems/navigation/nav_survey_rectangle.c **** void nav_survey_rectangle(uint8_t wp1, uint8_t wp2) {
 475              		.loc 1 56 0
 476 0016 0190     		str	r0, [sp, #4]
 477              		.loc 1 61 0
 478 0018 CE58     		ldr	r6, [r1, r3]	@ float
 479              	.LVL37:
 480 001a D458     		ldr	r4, [r2, r3]	@ float
 481              	.LVL38:
 482 001c 3046     		mov	r0, r6
 483              	.LVL39:
 484 001e 2146     		mov	r1, r4
 485 0020 FFF7FEFF 		bl	__aeabi_fcmplt
 486 0024 08B9     		cbnz	r0, .L49
 487 0026 A046     		mov	r8, r4
 488 0028 00E0     		b	.L50
 489              	.LVL40:
 490              	.L49:
 491 002a B046     		mov	r8, r6
 492              	.LVL41:
 493              	.L50:
 494 002c 874B     		ldr	r3, .L149+8
  62:subsystems/navigation/nav_survey_rectangle.c ****   nav_survey_east = Max(WaypointX(wp1), WaypointX(wp2));
 495              		.loc 1 62 0
 496 002e 3046     		mov	r0, r6
  61:subsystems/navigation/nav_survey_rectangle.c ****   nav_survey_west = Min(WaypointX(wp1), WaypointX(wp2));
 497              		.loc 1 61 0
 498 0030 C3F80080 		str	r8, [r3, #0]	@ float
 499              		.loc 1 62 0
 500 0034 2146     		mov	r1, r4
 501 0036 FFF7FEFF 		bl	__aeabi_fcmpgt
 502 003a 00B9     		cbnz	r0, .L51
 503              	.LVL42:
 504 003c 2646     		mov	r6, r4
 505              	.L51:
 506 003e 844B     		ldr	r3, .L149+12
  63:subsystems/navigation/nav_survey_rectangle.c ****   nav_survey_south = Min(WaypointY(wp1), WaypointY(wp2));
 507              		.loc 1 63 0
 508 0040 0198     		ldr	r0, [sp, #4]
  62:subsystems/navigation/nav_survey_rectangle.c ****   nav_survey_east = Max(WaypointX(wp1), WaypointX(wp2));
 509              		.loc 1 62 0
 510 0042 1E60     		str	r6, [r3, #0]	@ float
 511              		.loc 1 63 0
 512 0044 804B     		ldr	r3, .L149+4
 513 0046 0C22     		movs	r2, #12
 514 0048 02FB0031 		mla	r1, r2, r0, r3
 515 004c 02FB0737 		mla	r7, r2, r7, r3
 516              	.LVL43:
 517 0050 4D68     		ldr	r5, [r1, #4]	@ float
 518              	.LVL44:
 519 0052 7C68     		ldr	r4, [r7, #4]	@ float
 520              	.LVL45:
 521 0054 2846     		mov	r0, r5
 522 0056 2146     		mov	r1, r4
 523 0058 FFF7FEFF 		bl	__aeabi_fcmplt
 524 005c 08B9     		cbnz	r0, .L52
 525 005e 2746     		mov	r7, r4
 526 0060 00E0     		b	.L53
 527              	.LVL46:
 528              	.L52:
 529 0062 2F46     		mov	r7, r5
 530              	.LVL47:
 531              	.L53:
 532 0064 7B4B     		ldr	r3, .L149+16
  64:subsystems/navigation/nav_survey_rectangle.c ****   nav_survey_north = Max(WaypointY(wp1), WaypointY(wp2));
 533              		.loc 1 64 0
 534 0066 2846     		mov	r0, r5
  63:subsystems/navigation/nav_survey_rectangle.c ****   nav_survey_south = Min(WaypointY(wp1), WaypointY(wp2));
 535              		.loc 1 63 0
 536 0068 1F60     		str	r7, [r3, #0]	@ float
 537              		.loc 1 64 0
 538 006a 2146     		mov	r1, r4
 539 006c FFF7FEFF 		bl	__aeabi_fcmpgt
 540 0070 00B9     		cbnz	r0, .L54
 541              	.LVL48:
 542 0072 2546     		mov	r5, r4
 543              	.L54:
 544 0074 784B     		ldr	r3, .L149+20
 545 0076 1D60     		str	r5, [r3, #0]	@ float
  65:subsystems/navigation/nav_survey_rectangle.c **** 
  66:subsystems/navigation/nav_survey_rectangle.c ****   /* Update the current segment from corners' coordinates*/
  67:subsystems/navigation/nav_survey_rectangle.c ****   if (SurveyGoingNorth()) {
 546              		.loc 1 67 0
 547 0078 784B     		ldr	r3, .L149+24
 548 007a 1C78     		ldrb	r4, [r3, #0]	@ zero_extendqisi2
 549              	.LVL49:
 550 007c ECB9     		cbnz	r4, .L55
 551 007e DFF8E891 		ldr	r9, .L149+36
 552 0082 DFF8E8A1 		ldr	sl, .L149+40
 553 0086 D9F804B0 		ldr	fp, [r9, #4]	@ float
 554 008a DAF80430 		ldr	r3, [sl, #4]	@ float
 555 008e 5846     		mov	r0, fp
 556 0090 1946     		mov	r1, r3
 557 0092 0093     		str	r3, [sp, #0]
 558 0094 FFF7FEFF 		bl	__aeabi_fcmpgt
 559 0098 009B     		ldr	r3, [sp, #0]
 560 009a 20B1     		cbz	r0, .L146
  68:subsystems/navigation/nav_survey_rectangle.c ****     survey_to.y = nav_survey_north;
 561              		.loc 1 68 0
 562 009c C9F80450 		str	r5, [r9, #4]	@ float
  69:subsystems/navigation/nav_survey_rectangle.c ****     survey_from.y = nav_survey_south;
 563              		.loc 1 69 0
 564 00a0 CAF80470 		str	r7, [sl, #4]	@ float
  67:subsystems/navigation/nav_survey_rectangle.c ****   if (SurveyGoingNorth()) {
 565              		.loc 1 67 0
 566 00a4 28E0     		b	.L58
 567              	.L146:
  70:subsystems/navigation/nav_survey_rectangle.c ****   } else if (SurveyGoingSouth()) {
 568              		.loc 1 70 0
 569 00a6 5846     		mov	r0, fp
 570 00a8 1946     		mov	r1, r3
 571 00aa FFF7FEFF 		bl	__aeabi_fcmplt
 572 00ae 18B3     		cbz	r0, .L58
  71:subsystems/navigation/nav_survey_rectangle.c ****     survey_to.y = nav_survey_south;
 573              		.loc 1 71 0
 574 00b0 C9F80470 		str	r7, [r9, #4]	@ float
  72:subsystems/navigation/nav_survey_rectangle.c ****     survey_from.y = nav_survey_north;
 575              		.loc 1 72 0
 576 00b4 CAF80450 		str	r5, [sl, #4]	@ float
  70:subsystems/navigation/nav_survey_rectangle.c ****   } else if (SurveyGoingSouth()) {
 577              		.loc 1 70 0
 578 00b8 1EE0     		b	.L58
 579              	.L55:
  73:subsystems/navigation/nav_survey_rectangle.c ****   } else if (SurveyGoingEast()) {
 580              		.loc 1 73 0
 581 00ba 012C     		cmp	r4, #1
 582 00bc 1CD1     		bne	.L58
 583 00be DFF8A891 		ldr	r9, .L149+36
 584 00c2 DFF8A8A1 		ldr	sl, .L149+40
 585 00c6 D9F800B0 		ldr	fp, [r9, #0]	@ float
 586 00ca DAF80030 		ldr	r3, [sl, #0]	@ float
 587 00ce 5846     		mov	r0, fp
 588 00d0 1946     		mov	r1, r3
 589 00d2 0093     		str	r3, [sp, #0]
 590 00d4 FFF7FEFF 		bl	__aeabi_fcmpgt
 591 00d8 009B     		ldr	r3, [sp, #0]
 592 00da 20B1     		cbz	r0, .L147
  74:subsystems/navigation/nav_survey_rectangle.c ****     survey_to.x = nav_survey_east;
 593              		.loc 1 74 0
 594 00dc C9F80060 		str	r6, [r9, #0]	@ float
  75:subsystems/navigation/nav_survey_rectangle.c ****     survey_from.x = nav_survey_west;
 595              		.loc 1 75 0
 596 00e0 CAF80080 		str	r8, [sl, #0]	@ float
  73:subsystems/navigation/nav_survey_rectangle.c ****   } else if (SurveyGoingEast()) {
 597              		.loc 1 73 0
 598 00e4 08E0     		b	.L58
 599              	.L147:
  76:subsystems/navigation/nav_survey_rectangle.c ****   } else if (SurveyGoingWest()) {
 600              		.loc 1 76 0
 601 00e6 5846     		mov	r0, fp
 602 00e8 1946     		mov	r1, r3
 603 00ea FFF7FEFF 		bl	__aeabi_fcmplt
 604 00ee 18B1     		cbz	r0, .L58
  77:subsystems/navigation/nav_survey_rectangle.c ****     survey_to.x = nav_survey_west;
 605              		.loc 1 77 0
 606 00f0 C9F80080 		str	r8, [r9, #0]	@ float
  78:subsystems/navigation/nav_survey_rectangle.c ****     survey_from.x = nav_survey_east;
 607              		.loc 1 78 0
 608 00f4 CAF80060 		str	r6, [sl, #0]	@ float
 609              	.L58:
  79:subsystems/navigation/nav_survey_rectangle.c ****   }
  80:subsystems/navigation/nav_survey_rectangle.c **** 
  81:subsystems/navigation/nav_survey_rectangle.c ****   if (! survey_uturn) { /* S-N, N-S, W-E or E-W straight route */
 610              		.loc 1 81 0
 611 00f8 594B     		ldr	r3, .L149+28
 612 00fa 1B78     		ldrb	r3, [r3, #0]	@ zero_extendqisi2
 613 00fc 002B     		cmp	r3, #0
 614 00fe 40F02081 		bne	.L63
  82:subsystems/navigation/nav_survey_rectangle.c ****     if ((estimator_y < nav_survey_north && SurveyGoingNorth()) ||
 615              		.loc 1 82 0
 616 0102 584B     		ldr	r3, .L149+32
 617 0104 2946     		mov	r1, r5
 618 0106 D3F800A0 		ldr	sl, [r3, #0]	@ float
 619 010a 5046     		mov	r0, sl
 620 010c FFF7FEFF 		bl	__aeabi_fcmplt
 621 0110 40B1     		cbz	r0, .L64
 622 0112 3CB9     		cbnz	r4, .L64
 623 0114 544B     		ldr	r3, .L149+36
 624 0116 5868     		ldr	r0, [r3, #4]	@ float
 625 0118 544B     		ldr	r3, .L149+40
 626 011a 5968     		ldr	r1, [r3, #4]	@ float
 627 011c FFF7FEFF 		bl	__aeabi_fcmpgt
 628 0120 0028     		cmp	r0, #0
 629 0122 2DD1     		bne	.L66
 630              	.L64:
 631 0124 5046     		mov	r0, sl
 632 0126 3946     		mov	r1, r7
 633 0128 FFF7FEFF 		bl	__aeabi_fcmpgt
 634 012c 38B1     		cbz	r0, .L67
 635              	.LVL50:
 636 012e 34B9     		cbnz	r4, .L67
 637 0130 4D4B     		ldr	r3, .L149+36
 638 0132 5868     		ldr	r0, [r3, #4]	@ float
 639 0134 4D4B     		ldr	r3, .L149+40
 640 0136 5968     		ldr	r1, [r3, #4]	@ float
 641 0138 FFF7FEFF 		bl	__aeabi_fcmplt
 642 013c 00BB     		cbnz	r0, .L66
 643              	.L67:
  83:subsystems/navigation/nav_survey_rectangle.c ****         (estimator_y > nav_survey_south && SurveyGoingSouth()) ||
  84:subsystems/navigation/nav_survey_rectangle.c ****     (estimator_x < nav_survey_east && SurveyGoingEast()) ||
 644              		.loc 1 84 0
 645 013e 4C4B     		ldr	r3, .L149+44
  82:subsystems/navigation/nav_survey_rectangle.c ****     if ((estimator_y < nav_survey_north && SurveyGoingNorth()) ||
 646              		.loc 1 82 0
 647 0140 3146     		mov	r1, r6
 648              		.loc 1 84 0
 649 0142 D3F800A0 		ldr	sl, [r3, #0]	@ float
  82:subsystems/navigation/nav_survey_rectangle.c ****     if ((estimator_y < nav_survey_north && SurveyGoingNorth()) ||
 650              		.loc 1 82 0
 651 0146 5046     		mov	r0, sl
 652 0148 FFF7FEFF 		bl	__aeabi_fcmplt
 653 014c 40B1     		cbz	r0, .L69
 654 014e 012C     		cmp	r4, #1
 655 0150 06D1     		bne	.L69
 656 0152 454B     		ldr	r3, .L149+36
 657 0154 1868     		ldr	r0, [r3, #0]	@ float
 658 0156 454B     		ldr	r3, .L149+40
 659 0158 1968     		ldr	r1, [r3, #0]	@ float
 660 015a FFF7FEFF 		bl	__aeabi_fcmpgt
 661 015e 78B9     		cbnz	r0, .L66
 662              	.L69:
 663 0160 5046     		mov	r0, sl
 664 0162 4146     		mov	r1, r8
 665 0164 FFF7FEFF 		bl	__aeabi_fcmpgt
 666 0168 98B1     		cbz	r0, .L71
 667              	.LVL51:
 668 016a 012C     		cmp	r4, #1
 669 016c 11D1     		bne	.L71
 670 016e 3E4B     		ldr	r3, .L149+36
 671 0170 1868     		ldr	r0, [r3, #0]	@ float
 672 0172 3E4B     		ldr	r3, .L149+40
 673 0174 1968     		ldr	r1, [r3, #0]	@ float
 674 0176 FFF7FEFF 		bl	__aeabi_fcmplt
 675 017a 0028     		cmp	r0, #0
 676 017c 00F08080 		beq	.L73
 677              	.LVL52:
 678              	.L66:
  85:subsystems/navigation/nav_survey_rectangle.c ****         (estimator_x > nav_survey_west && SurveyGoingWest())) {
  86:subsystems/navigation/nav_survey_rectangle.c ****       /* Continue ... */
  87:subsystems/navigation/nav_survey_rectangle.c ****       nav_route_xy(survey_from.x, survey_from.y, survey_to.x, survey_to.y);
 679              		.loc 1 87 0
 680 0180 3A4A     		ldr	r2, .L149+40
 681 0182 394B     		ldr	r3, .L149+36
 682 0184 1068     		ldr	r0, [r2, #0]	@ float
 683 0186 5168     		ldr	r1, [r2, #4]	@ float
 684 0188 1A68     		ldr	r2, [r3, #0]	@ float
 685 018a 5B68     		ldr	r3, [r3, #4]	@ float
 686 018c FFF7FEFF 		bl	nav_route_xy
  82:subsystems/navigation/nav_survey_rectangle.c ****     if ((estimator_y < nav_survey_north && SurveyGoingNorth()) ||
 687              		.loc 1 82 0
 688 0190 23E2     		b	.L75
 689              	.LVL53:
 690              	.L71:
  88:subsystems/navigation/nav_survey_rectangle.c ****     } else {
  89:subsystems/navigation/nav_survey_rectangle.c ****       if (survey_orientation == NS) {
 691              		.loc 1 89 0
 692 0192 002C     		cmp	r4, #0
 693 0194 74D1     		bne	.L73
 694              	.LBB2:
  90:subsystems/navigation/nav_survey_rectangle.c ****     /* North or South limit reached, prepare U-turn and next leg */
  91:subsystems/navigation/nav_survey_rectangle.c ****     float x0 = survey_from.x; /* Current longitude */
 695              		.loc 1 91 0
 696 0196 354B     		ldr	r3, .L149+40
 697 0198 1C68     		ldr	r4, [r3, #0]	@ float
 698              	.LVL54:
  92:subsystems/navigation/nav_survey_rectangle.c ****     if (x0+nav_survey_shift < nav_survey_west || x0+nav_survey_shift > nav_survey_east) {
 699              		.loc 1 92 0
 700 019a 364B     		ldr	r3, .L149+48
 701 019c 2046     		mov	r0, r4
 702 019e 1D68     		ldr	r5, [r3, #0]	@ float
 703 01a0 2946     		mov	r1, r5
 704 01a2 FFF7FEFF 		bl	__aeabi_fadd
 705 01a6 4146     		mov	r1, r8
 706 01a8 0746     		mov	r7, r0
 707              	.LVL55:
 708 01aa FFF7FEFF 		bl	__aeabi_fcmplt
 709 01ae 20B9     		cbnz	r0, .L76
 710 01b0 3846     		mov	r0, r7
 711 01b2 3146     		mov	r1, r6
 712 01b4 FFF7FEFF 		bl	__aeabi_fcmpgt
 713 01b8 68B1     		cbz	r0, .L77
 714              	.L76:
  93:subsystems/navigation/nav_survey_rectangle.c ****       x0 += nav_survey_shift / 2;
 715              		.loc 1 93 0
 716 01ba 2846     		mov	r0, r5
 717 01bc 4FF07C51 		mov	r1, #1056964608
 718 01c0 FFF7FEFF 		bl	__aeabi_fmul
 719 01c4 0146     		mov	r1, r0
 720 01c6 2046     		mov	r0, r4
 721 01c8 FFF7FEFF 		bl	__aeabi_fadd
  94:subsystems/navigation/nav_survey_rectangle.c ****       nav_survey_shift = -nav_survey_shift;
 722              		.loc 1 94 0
 723 01cc 294B     		ldr	r3, .L149+48
 724 01ce 05F10045 		add	r5, r5, #-2147483648
  93:subsystems/navigation/nav_survey_rectangle.c ****       x0 += nav_survey_shift / 2;
 725              		.loc 1 93 0
 726 01d2 0446     		mov	r4, r0
 727              		.loc 1 94 0
 728 01d4 1D60     		str	r5, [r3, #0]	@ float
 729              	.L77:
  95:subsystems/navigation/nav_survey_rectangle.c ****     }
  96:subsystems/navigation/nav_survey_rectangle.c **** 
  97:subsystems/navigation/nav_survey_rectangle.c ****     x0 = x0 + nav_survey_shift; /* Longitude of next leg */
 730              		.loc 1 97 0
 731 01d6 274B     		ldr	r3, .L149+48
 732 01d8 2046     		mov	r0, r4
 733 01da 1D68     		ldr	r5, [r3, #0]	@ float
  98:subsystems/navigation/nav_survey_rectangle.c ****     survey_from.x = survey_to.x = x0;
  99:subsystems/navigation/nav_survey_rectangle.c **** 
 100:subsystems/navigation/nav_survey_rectangle.c ****     /* Swap South and North extremities */
 101:subsystems/navigation/nav_survey_rectangle.c ****     float tmp = survey_from.y;
 102:subsystems/navigation/nav_survey_rectangle.c ****     survey_from.y = survey_to.y;
 103:subsystems/navigation/nav_survey_rectangle.c ****     survey_to.y = tmp;
 104:subsystems/navigation/nav_survey_rectangle.c **** 
 105:subsystems/navigation/nav_survey_rectangle.c ****     /** Do half a circle around WP 0 */
 106:subsystems/navigation/nav_survey_rectangle.c ****     waypoints[0].x = x0 - nav_survey_shift/2.;
 734              		.loc 1 106 0
 735 01dc 1A4F     		ldr	r7, .L149+4
  97:subsystems/navigation/nav_survey_rectangle.c ****     x0 = x0 + nav_survey_shift; /* Longitude of next leg */
 736              		.loc 1 97 0
 737 01de 2946     		mov	r1, r5
 738 01e0 FFF7FEFF 		bl	__aeabi_fadd
  98:subsystems/navigation/nav_survey_rectangle.c ****     survey_from.x = survey_to.x = x0;
 739              		.loc 1 98 0
 740 01e4 204B     		ldr	r3, .L149+36
 741 01e6 214A     		ldr	r2, .L149+40
 102:subsystems/navigation/nav_survey_rectangle.c ****     survey_from.y = survey_to.y;
 742              		.loc 1 102 0
 743 01e8 5C68     		ldr	r4, [r3, #4]	@ float
 744              	.LVL56:
 101:subsystems/navigation/nav_survey_rectangle.c ****     float tmp = survey_from.y;
 745              		.loc 1 101 0
 746 01ea 5668     		ldr	r6, [r2, #4]	@ float
 747              	.LVL57:
  98:subsystems/navigation/nav_survey_rectangle.c ****     survey_from.x = survey_to.x = x0;
 748              		.loc 1 98 0
 749 01ec 1860     		str	r0, [r3, #0]	@ float
 750 01ee 1060     		str	r0, [r2, #0]	@ float
 102:subsystems/navigation/nav_survey_rectangle.c ****     survey_from.y = survey_to.y;
 751              		.loc 1 102 0
 752 01f0 5460     		str	r4, [r2, #4]	@ float
 103:subsystems/navigation/nav_survey_rectangle.c ****     survey_to.y = tmp;
 753              		.loc 1 103 0
 754 01f2 5E60     		str	r6, [r3, #4]	@ float
 755              		.loc 1 106 0
 756 01f4 FFF7FEFF 		bl	__aeabi_f2d
 757 01f8 8046     		mov	r8, r0
 758              	.LVL58:
 759 01fa 2846     		mov	r0, r5
 760 01fc 8946     		mov	r9, r1
 761 01fe FFF7FEFF 		bl	__aeabi_f2d
 762 0202 0022     		movs	r2, #0
 763 0204 1C4B     		ldr	r3, .L149+52
 764 0206 FFF7FEFF 		bl	__aeabi_dmul
 765 020a 0246     		mov	r2, r0
 766 020c 0B46     		mov	r3, r1
 767 020e 4046     		mov	r0, r8
 768 0210 4946     		mov	r1, r9
 769 0212 FFF7FEFF 		bl	__aeabi_dadd
 770 0216 FFF7FEFF 		bl	__aeabi_d2f
 107:subsystems/navigation/nav_survey_rectangle.c ****     waypoints[0].y = survey_from.y;
 771              		.loc 1 107 0
 772 021a 7C60     		str	r4, [r7, #4]	@ float
 106:subsystems/navigation/nav_survey_rectangle.c ****     waypoints[0].x = x0 - nav_survey_shift/2.;
 773              		.loc 1 106 0
 774 021c 3860     		str	r0, [r7, #0]	@ float
 108:subsystems/navigation/nav_survey_rectangle.c **** 
 109:subsystems/navigation/nav_survey_rectangle.c ****       /* Computes the right direction for the circle */
 110:subsystems/navigation/nav_survey_rectangle.c ****     survey_radius = nav_survey_shift / 2.;
 775              		.loc 1 110 0
 776 021e 4FF07C51 		mov	r1, #1056964608
 777 0222 2846     		mov	r0, r5
 778 0224 FFF7FEFF 		bl	__aeabi_fmul
 779 0228 144D     		ldr	r5, .L149+56
 780 022a 0746     		mov	r7, r0
 781 022c 2860     		str	r0, [r5, #0]	@ float
 111:subsystems/navigation/nav_survey_rectangle.c ****     if (SurveyGoingNorth()) {
 782              		.loc 1 111 0
 783 022e 2146     		mov	r1, r4
 784 0230 3046     		mov	r0, r6
 785 0232 FFF7FEFF 		bl	__aeabi_fcmpgt
 786 0236 0028     		cmp	r0, #0
 787 0238 7CD0     		beq	.L79
 112:subsystems/navigation/nav_survey_rectangle.c ****       survey_radius = -survey_radius;
 788              		.loc 1 112 0
 789 023a 07F10043 		add	r3, r7, #-2147483648
 790 023e 1F46     		mov	r7, r3
 791 0240 2B60     		str	r3, [r5, #0]	@ float
 792 0242 77E0     		b	.L79
 793              	.L150:
 794              		.align	2
 795              	.L149:
 796 0244 00000000 		.word	nav_survey_active
 797 0248 00000000 		.word	waypoints
 798 024c 00000000 		.word	nav_survey_west
 799 0250 00000000 		.word	nav_survey_east
 800 0254 00000000 		.word	nav_survey_south
 801 0258 00000000 		.word	nav_survey_north
 802 025c 00000000 		.word	.LANCHOR0
 803 0260 00000000 		.word	.LANCHOR3
 804 0264 00000000 		.word	estimator_y
 805 0268 00000000 		.word	.LANCHOR1
 806 026c 00000000 		.word	.LANCHOR2
 807 0270 00000000 		.word	estimator_x
 808 0274 00000000 		.word	nav_survey_shift
 809 0278 0000E0BF 		.word	-1075838976
 810 027c 00000000 		.word	.LANCHOR4
 811              	.LVL59:
 812              	.L73:
 813              	.LBE2:
 814              	.LBB3:
 113:subsystems/navigation/nav_survey_rectangle.c ****     }
 114:subsystems/navigation/nav_survey_rectangle.c ****       } else { /* (survey_orientation == WE) */
 115:subsystems/navigation/nav_survey_rectangle.c ****     /* East or West limit reached, prepare U-turn and next leg */
 116:subsystems/navigation/nav_survey_rectangle.c ****     /* There is a y0 declared in math.h (for ARM) !!! */
 117:subsystems/navigation/nav_survey_rectangle.c ****     float my_y0 = survey_from.y; /* Current latitude */
 815              		.loc 1 117 0
 816 0280 954B     		ldr	r3, .L151+24
 817 0282 D3F80480 		ldr	r8, [r3, #4]	@ float
 818              	.LVL60:
 118:subsystems/navigation/nav_survey_rectangle.c ****     if (my_y0+nav_survey_shift < nav_survey_south || my_y0+nav_survey_shift > nav_survey_north) {
 819              		.loc 1 118 0
 820 0286 954B     		ldr	r3, .L151+28
 821 0288 4046     		mov	r0, r8
 822 028a 1E68     		ldr	r6, [r3, #0]	@ float
 823              	.LVL61:
 824 028c 3146     		mov	r1, r6
 825 028e FFF7FEFF 		bl	__aeabi_fadd
 826 0292 3946     		mov	r1, r7
 827 0294 8246     		mov	sl, r0
 828 0296 FFF7FEFF 		bl	__aeabi_fcmplt
 829 029a 20B9     		cbnz	r0, .L81
 830 029c 5046     		mov	r0, sl
 831 029e 2946     		mov	r1, r5
 832 02a0 FFF7FEFF 		bl	__aeabi_fcmpgt
 833 02a4 68B1     		cbz	r0, .L82
 834              	.L81:
 119:subsystems/navigation/nav_survey_rectangle.c ****       my_y0 += nav_survey_shift / 2;
 835              		.loc 1 119 0
 836 02a6 3046     		mov	r0, r6
 837 02a8 4FF07C51 		mov	r1, #1056964608
 838 02ac FFF7FEFF 		bl	__aeabi_fmul
 839 02b0 0146     		mov	r1, r0
 840 02b2 4046     		mov	r0, r8
 841 02b4 FFF7FEFF 		bl	__aeabi_fadd
 120:subsystems/navigation/nav_survey_rectangle.c ****       nav_survey_shift = -nav_survey_shift;
 842              		.loc 1 120 0
 843 02b8 884B     		ldr	r3, .L151+28
 844 02ba 06F10046 		add	r6, r6, #-2147483648
 119:subsystems/navigation/nav_survey_rectangle.c ****       my_y0 += nav_survey_shift / 2;
 845              		.loc 1 119 0
 846 02be 8046     		mov	r8, r0
 847              		.loc 1 120 0
 848 02c0 1E60     		str	r6, [r3, #0]	@ float
 849              	.L82:
 121:subsystems/navigation/nav_survey_rectangle.c ****     }
 122:subsystems/navigation/nav_survey_rectangle.c **** 
 123:subsystems/navigation/nav_survey_rectangle.c ****     my_y0 = my_y0 + nav_survey_shift; /* Longitude of next leg */
 850              		.loc 1 123 0
 851 02c2 864B     		ldr	r3, .L151+28
 852 02c4 4046     		mov	r0, r8
 853 02c6 1E68     		ldr	r6, [r3, #0]	@ float
 124:subsystems/navigation/nav_survey_rectangle.c ****     survey_from.y = survey_to.y = my_y0;
 125:subsystems/navigation/nav_survey_rectangle.c **** 
 126:subsystems/navigation/nav_survey_rectangle.c ****     /* Swap West and East extremities */
 127:subsystems/navigation/nav_survey_rectangle.c ****     float tmp = survey_from.x;
 128:subsystems/navigation/nav_survey_rectangle.c ****     survey_from.x = survey_to.x;
 129:subsystems/navigation/nav_survey_rectangle.c ****     survey_to.x = tmp;
 130:subsystems/navigation/nav_survey_rectangle.c **** 
 131:subsystems/navigation/nav_survey_rectangle.c ****     /** Do half a circle around WP 0 */
 132:subsystems/navigation/nav_survey_rectangle.c ****     waypoints[0].x = survey_from.x;
 854              		.loc 1 132 0
 855 02c8 854F     		ldr	r7, .L151+32
 856              	.LVL62:
 123:subsystems/navigation/nav_survey_rectangle.c ****     my_y0 = my_y0 + nav_survey_shift; /* Longitude of next leg */
 857              		.loc 1 123 0
 858 02ca 3146     		mov	r1, r6
 859 02cc FFF7FEFF 		bl	__aeabi_fadd
 124:subsystems/navigation/nav_survey_rectangle.c ****     survey_from.y = survey_to.y = my_y0;
 860              		.loc 1 124 0
 861 02d0 844B     		ldr	r3, .L151+36
 862 02d2 814A     		ldr	r2, .L151+24
 128:subsystems/navigation/nav_survey_rectangle.c ****     survey_from.x = survey_to.x;
 863              		.loc 1 128 0
 864 02d4 1D68     		ldr	r5, [r3, #0]	@ float
 865              	.LVL63:
 127:subsystems/navigation/nav_survey_rectangle.c ****     float tmp = survey_from.x;
 866              		.loc 1 127 0
 867 02d6 D2F80080 		ldr	r8, [r2, #0]	@ float
 868              	.LVL64:
 124:subsystems/navigation/nav_survey_rectangle.c ****     survey_from.y = survey_to.y = my_y0;
 869              		.loc 1 124 0
 870 02da 5860     		str	r0, [r3, #4]	@ float
 128:subsystems/navigation/nav_survey_rectangle.c ****     survey_from.x = survey_to.x;
 871              		.loc 1 128 0
 872 02dc 1560     		str	r5, [r2, #0]	@ float
 129:subsystems/navigation/nav_survey_rectangle.c ****     survey_to.x = tmp;
 873              		.loc 1 129 0
 874 02de C3F80080 		str	r8, [r3, #0]	@ float
 124:subsystems/navigation/nav_survey_rectangle.c ****     survey_from.y = survey_to.y = my_y0;
 875              		.loc 1 124 0
 876 02e2 5060     		str	r0, [r2, #4]	@ float
 877              		.loc 1 132 0
 878 02e4 3D60     		str	r5, [r7, #0]	@ float
 133:subsystems/navigation/nav_survey_rectangle.c ****     waypoints[0].y = my_y0 - nav_survey_shift/2.;
 879              		.loc 1 133 0
 880 02e6 FFF7FEFF 		bl	__aeabi_f2d
 881 02ea 8246     		mov	sl, r0
 882 02ec 3046     		mov	r0, r6
 883 02ee 8B46     		mov	fp, r1
 884 02f0 FFF7FEFF 		bl	__aeabi_f2d
 885 02f4 0022     		movs	r2, #0
 886 02f6 7C4B     		ldr	r3, .L151+40
 887 02f8 FFF7FEFF 		bl	__aeabi_dmul
 888 02fc 0246     		mov	r2, r0
 889 02fe 0B46     		mov	r3, r1
 890 0300 5046     		mov	r0, sl
 891 0302 5946     		mov	r1, fp
 892 0304 FFF7FEFF 		bl	__aeabi_dadd
 893 0308 FFF7FEFF 		bl	__aeabi_d2f
 134:subsystems/navigation/nav_survey_rectangle.c **** 
 135:subsystems/navigation/nav_survey_rectangle.c ****       /* Computes the right direction for the circle */
 136:subsystems/navigation/nav_survey_rectangle.c ****     survey_radius = nav_survey_shift / 2.;
 894              		.loc 1 136 0
 895 030c 4FF07C51 		mov	r1, #1056964608
 133:subsystems/navigation/nav_survey_rectangle.c ****     waypoints[0].y = my_y0 - nav_survey_shift/2.;
 896              		.loc 1 133 0
 897 0310 7860     		str	r0, [r7, #4]	@ float
 898              		.loc 1 136 0
 899 0312 3046     		mov	r0, r6
 900 0314 FFF7FEFF 		bl	__aeabi_fmul
 901 0318 744E     		ldr	r6, .L151+44
 137:subsystems/navigation/nav_survey_rectangle.c ****     if (SurveyGoingWest()) {
 902              		.loc 1 137 0
 903 031a 012C     		cmp	r4, #1
 136:subsystems/navigation/nav_survey_rectangle.c ****     survey_radius = nav_survey_shift / 2.;
 904              		.loc 1 136 0
 905 031c 0746     		mov	r7, r0
 906 031e 3060     		str	r0, [r6, #0]	@ float
 907              		.loc 1 137 0
 908 0320 08D1     		bne	.L79
 909 0322 4046     		mov	r0, r8
 910 0324 2946     		mov	r1, r5
 911 0326 FFF7FEFF 		bl	__aeabi_fcmplt
 912 032a 18B1     		cbz	r0, .L79
 138:subsystems/navigation/nav_survey_rectangle.c ****       survey_radius = -survey_radius;
 913              		.loc 1 138 0
 914 032c 07F10040 		add	r0, r7, #-2147483648
 915 0330 0746     		mov	r7, r0
 916 0332 3060     		str	r0, [r6, #0]	@ float
 917              	.LVL65:
 918              	.L79:
 919              	.LBE3:
 139:subsystems/navigation/nav_survey_rectangle.c ****     }
 140:subsystems/navigation/nav_survey_rectangle.c ****       }
 141:subsystems/navigation/nav_survey_rectangle.c **** 
 142:subsystems/navigation/nav_survey_rectangle.c ****       nav_in_segment = FALSE;
 920              		.loc 1 142 0
 921 0334 6E4B     		ldr	r3, .L151+48
 922 0336 0022     		movs	r2, #0
 923 0338 1A70     		strb	r2, [r3, #0]
 143:subsystems/navigation/nav_survey_rectangle.c ****       survey_uturn = TRUE;
 924              		.loc 1 143 0
 925 033a 6E4B     		ldr	r3, .L151+52
 926 033c 0132     		adds	r2, r2, #1
 927 033e 1A70     		strb	r2, [r3, #0]
 928 0340 4BE1     		b	.L75
 929              	.LVL66:
 930              	.L63:
 144:subsystems/navigation/nav_survey_rectangle.c ****       LINE_STOP_FUNCTION;
 145:subsystems/navigation/nav_survey_rectangle.c ****     }
 146:subsystems/navigation/nav_survey_rectangle.c ****   } else { /* U-turn */
 147:subsystems/navigation/nav_survey_rectangle.c ****     if ((SurveyGoingNorth() && NavCourseCloseTo(0)) ||
 931              		.loc 1 147 0
 932 0342 002C     		cmp	r4, #0
 933 0344 40F08780 		bne	.L85
 934 0348 664B     		ldr	r3, .L151+36
 935 034a 5E68     		ldr	r6, [r3, #4]	@ float
 936              	.LVL67:
 937 034c 624B     		ldr	r3, .L151+24
 938 034e 3046     		mov	r0, r6
 939 0350 5D68     		ldr	r5, [r3, #4]	@ float
 940              	.LVL68:
 941 0352 2946     		mov	r1, r5
 942 0354 FFF7FEFF 		bl	__aeabi_fcmpgt
 943 0358 0028     		cmp	r0, #0
 944 035a 40D0     		beq	.L86
 945              	.LBB4:
 946 035c 664B     		ldr	r3, .L151+56
 947 035e A046     		mov	r8, r4
 948              	.LVL69:
 949 0360 1868     		ldr	r0, [r3, #0]	@ float
 950 0362 FFF7FEFF 		bl	__aeabi_f2d
 951 0366 56A3     		adr	r3, .L151
 952 0368 D3E90023 		ldrd	r2, [r3]
 953 036c FFF7FEFF 		bl	__aeabi_dmul
 954 0370 0022     		movs	r2, #0
 955 0372 0023     		movs	r3, #0
 956 0374 FFF7FEFF 		bl	__aeabi_dadd
 957 0378 FFF7FEFF 		bl	__aeabi_d2f
 958 037c 0746     		mov	r7, r0
 959              	.LVL70:
 960              	.LBB5:
 961 037e 04E0     		b	.L88
 962              	.LVL71:
 963              	.L91:
 964 0380 3846     		mov	r0, r7
 965 0382 5E49     		ldr	r1, .L151+60
 966 0384 FFF7FEFF 		bl	__aeabi_fadd
 967 0388 0746     		mov	r7, r0
 968              	.L88:
 969 038a 3846     		mov	r0, r7
 970 038c 0021     		movs	r1, #0
 971 038e 5FFA88F4 		uxtb	r4, r8
 972 0392 FFF7FEFF 		bl	__aeabi_fcmplt
 973 0396 58B1     		cbz	r0, .L89
 974 0398 08F10108 		add	r8, r8, #1
 975 039c B8F5807F 		cmp	r8, #256
 976 03a0 EED1     		bne	.L91
 977 03a2 0024     		movs	r4, #0
 978              	.LVL72:
 979 03a4 04E0     		b	.L89
 980              	.L94:
 981 03a6 3846     		mov	r0, r7
 982 03a8 5449     		ldr	r1, .L151+60
 983 03aa FFF7FEFF 		bl	__aeabi_fsub
 984 03ae 0746     		mov	r7, r0
 985              	.L89:
 986 03b0 3846     		mov	r0, r7
 987 03b2 5249     		ldr	r1, .L151+60
 988 03b4 FFF7FEFF 		bl	__aeabi_fcmpge
 989 03b8 18B1     		cbz	r0, .L92
 990 03ba 0134     		adds	r4, r4, #1
 991              	.LVL73:
 992 03bc E4B2     		uxtb	r4, r4
 993              	.LVL74:
 994 03be 002C     		cmp	r4, #0
 995 03c0 F1D1     		bne	.L94
 996              	.L92:
 997              	.LBE5:
 998 03c2 3846     		mov	r0, r7
 999 03c4 4E49     		ldr	r1, .L151+64
 1000 03c6 FFF7FEFF 		bl	__aeabi_fcmpgt
 1001 03ca 0028     		cmp	r0, #0
 1002 03cc 40F0F880 		bne	.L95
 1003 03d0 3846     		mov	r0, r7
 1004 03d2 4C49     		ldr	r1, .L151+68
 1005 03d4 FFF7FEFF 		bl	__aeabi_fcmplt
 1006 03d8 0028     		cmp	r0, #0
 1007 03da 40F0F180 		bne	.L95
 1008              	.LVL75:
 1009              	.L86:
 1010              	.LBE4:
 1011 03de 3046     		mov	r0, r6
 1012 03e0 2946     		mov	r1, r5
 1013 03e2 FFF7FEFF 		bl	__aeabi_fcmplt
 1014 03e6 0028     		cmp	r0, #0
 1015 03e8 00F0F080 		beq	.L96
 1016              	.LBB6:
 148:subsystems/navigation/nav_survey_rectangle.c ****     (SurveyGoingSouth() && NavCourseCloseTo(180)) ||
 1017              		.loc 1 148 0
 1018 03ec 424B     		ldr	r3, .L151+56
 1019 03ee 0026     		movs	r6, #0
 1020 03f0 1868     		ldr	r0, [r3, #0]	@ float
 1021 03f2 FFF7FEFF 		bl	__aeabi_f2d
 1022 03f6 32A3     		adr	r3, .L151
 1023 03f8 D3E90023 		ldrd	r2, [r3]
 1024 03fc FFF7FEFF 		bl	__aeabi_dmul
 1025 0400 31A3     		adr	r3, .L151+8
 1026 0402 D3E90023 		ldrd	r2, [r3]
 1027 0406 FFF7FEFF 		bl	__aeabi_dadd
 1028 040a FFF7FEFF 		bl	__aeabi_d2f
 1029 040e 0446     		mov	r4, r0
 1030              	.LVL76:
 1031              	.LBB7:
 1032 0410 04E0     		b	.L98
 1033              	.LVL77:
 1034              	.L101:
 1035 0412 2046     		mov	r0, r4
 1036 0414 3949     		ldr	r1, .L151+60
 1037 0416 FFF7FEFF 		bl	__aeabi_fadd
 1038 041a 0446     		mov	r4, r0
 1039              	.L98:
 1040 041c 2046     		mov	r0, r4
 1041 041e 0021     		movs	r1, #0
 1042 0420 F5B2     		uxtb	r5, r6
 1043 0422 FFF7FEFF 		bl	__aeabi_fcmplt
 1044 0426 50B1     		cbz	r0, .L99
 1045 0428 0136     		adds	r6, r6, #1
 1046 042a B6F5807F 		cmp	r6, #256
 1047 042e F0D1     		bne	.L101
 1048 0430 0025     		movs	r5, #0
 1049              	.LVL78:
 1050 0432 04E0     		b	.L99
 1051              	.L104:
 1052 0434 2046     		mov	r0, r4
 1053 0436 3149     		ldr	r1, .L151+60
 1054 0438 FFF7FEFF 		bl	__aeabi_fsub
 1055 043c 0446     		mov	r4, r0
 1056              	.L99:
 1057 043e 2046     		mov	r0, r4
 1058 0440 2E49     		ldr	r1, .L151+60
 1059 0442 FFF7FEFF 		bl	__aeabi_fcmpge
 1060 0446 0028     		cmp	r0, #0
 1061 0448 00F0B080 		beq	.L119
 1062 044c 0135     		adds	r5, r5, #1
 1063              	.LVL79:
 1064 044e EDB2     		uxtb	r5, r5
 1065              	.LVL80:
 1066 0450 002D     		cmp	r5, #0
 1067 0452 EFD1     		bne	.L104
 1068 0454 AAE0     		b	.L119
 1069              	.LVL81:
 1070              	.L85:
 1071              	.LBE7:
 1072              	.LBE6:
 147:subsystems/navigation/nav_survey_rectangle.c ****     if ((SurveyGoingNorth() && NavCourseCloseTo(0)) ||
 1073              		.loc 1 147 0
 1074 0456 012C     		cmp	r4, #1
 1075 0458 40F0B880 		bne	.L96
 149:subsystems/navigation/nav_survey_rectangle.c ****     (SurveyGoingEast() && NavCourseCloseTo(90)) ||
 1076              		.loc 1 149 0
 1077 045c 214B     		ldr	r3, .L151+36
 1078 045e 1D68     		ldr	r5, [r3, #0]	@ float
 1079              	.LVL82:
 1080 0460 1D4B     		ldr	r3, .L151+24
 147:subsystems/navigation/nav_survey_rectangle.c ****     if ((SurveyGoingNorth() && NavCourseCloseTo(0)) ||
 1081              		.loc 1 147 0
 1082 0462 2846     		mov	r0, r5
 1083              		.loc 1 149 0
 1084 0464 1C68     		ldr	r4, [r3, #0]	@ float
 147:subsystems/navigation/nav_survey_rectangle.c ****     if ((SurveyGoingNorth() && NavCourseCloseTo(0)) ||
 1085              		.loc 1 147 0
 1086 0466 2146     		mov	r1, r4
 1087 0468 FFF7FEFF 		bl	__aeabi_fcmpgt
 1088 046c 0028     		cmp	r0, #0
 1089 046e 65D0     		beq	.L105
 1090              	.LBB8:
 1091              		.loc 1 149 0
 1092 0470 214B     		ldr	r3, .L151+56
 1093 0472 4FF00008 		mov	r8, #0
 1094 0476 1868     		ldr	r0, [r3, #0]	@ float
 1095 0478 FFF7FEFF 		bl	__aeabi_f2d
 1096 047c 10A3     		adr	r3, .L151
 1097 047e D3E90023 		ldrd	r2, [r3]
 1098 0482 FFF7FEFF 		bl	__aeabi_dmul
 1099 0486 12A3     		adr	r3, .L151+16
 1100 0488 D3E90023 		ldrd	r2, [r3]
 1101 048c FFF7FEFF 		bl	__aeabi_dadd
 1102 0490 FFF7FEFF 		bl	__aeabi_d2f
 1103 0494 0646     		mov	r6, r0
 1104              	.LVL83:
 1105              	.LBB9:
 1106 0496 04E0     		b	.L107
 1107              	.LVL84:
 1108              	.L110:
 1109 0498 3046     		mov	r0, r6
 1110 049a 1849     		ldr	r1, .L151+60
 1111 049c FFF7FEFF 		bl	__aeabi_fadd
 1112 04a0 0646     		mov	r6, r0
 1113              	.LVL85:
 1114              	.L107:
 1115 04a2 3046     		mov	r0, r6
 1116 04a4 0021     		movs	r1, #0
 1117 04a6 5FFA88F7 		uxtb	r7, r8
 1118              	.LVL86:
 1119 04aa FFF7FEFF 		bl	__aeabi_fcmplt
 1120 04ae 80B3     		cbz	r0, .L108
 1121 04b0 08F10108 		add	r8, r8, #1
 1122 04b4 B8F5807F 		cmp	r8, #256
 1123 04b8 EED1     		bne	.L110
 1124 04ba 0027     		movs	r7, #0
 1125              	.LVL87:
 1126 04bc 29E0     		b	.L108
 1127              	.L152:
 1128 04be 00BF     		.align	3
 1129              	.L151:
 1130 04c0 F8C1631A 		.word	442745336
 1131 04c4 DCA54CC0 		.word	-1068718628
 1132 04c8 00000000 		.word	0
 1133 04cc 00806640 		.word	1080459264
 1134 04d0 00000000 		.word	0
 1135 04d4 00805640 		.word	1079410688
 1136 04d8 00000000 		.word	.LANCHOR2
 1137 04dc 00000000 		.word	nav_survey_shift
 1138 04e0 00000000 		.word	waypoints
 1139 04e4 00000000 		.word	.LANCHOR1
 1140 04e8 0000E0BF 		.word	-1075838976
 1141 04ec 00000000 		.word	.LANCHOR4
 1142 04f0 00000000 		.word	nav_in_segment
 1143 04f4 00000000 		.word	.LANCHOR3
 1144 04f8 00000000 		.word	estimator_hspeed_dir
 1145 04fc 0000B443 		.word	1135869952
 1146 0500 0000AF43 		.word	1135542272
 1147 0504 00002041 		.word	1092616192
 1148              	.L113:
 1149 0508 3046     		mov	r0, r6
 1150 050a 4349     		ldr	r1, .L153+16
 1151 050c FFF7FEFF 		bl	__aeabi_fsub
 1152 0510 0646     		mov	r6, r0
 1153              	.L108:
 1154 0512 3046     		mov	r0, r6
 1155 0514 4049     		ldr	r1, .L153+16
 1156 0516 FFF7FEFF 		bl	__aeabi_fcmpge
 1157 051a 18B1     		cbz	r0, .L111
 1158 051c 0137     		adds	r7, r7, #1
 1159              	.LVL88:
 1160 051e FFB2     		uxtb	r7, r7
 1161              	.LVL89:
 1162 0520 002F     		cmp	r7, #0
 1163 0522 F1D1     		bne	.L113
 1164              	.L111:
 1165              	.LBE9:
 1166 0524 3046     		mov	r0, r6
 1167 0526 3D49     		ldr	r1, .L153+20
 1168 0528 FFF7FEFF 		bl	__aeabi_fcmpgt
 1169 052c 0028     		cmp	r0, #0
 1170 052e 47D1     		bne	.L95
 1171 0530 3046     		mov	r0, r6
 1172 0532 3B49     		ldr	r1, .L153+24
 1173 0534 FFF7FEFF 		bl	__aeabi_fcmplt
 1174 0538 0028     		cmp	r0, #0
 1175 053a 41D1     		bne	.L95
 1176              	.LVL90:
 1177              	.L105:
 1178              	.LBE8:
 147:subsystems/navigation/nav_survey_rectangle.c ****     if ((SurveyGoingNorth() && NavCourseCloseTo(0)) ||
 1179              		.loc 1 147 0
 1180 053c 2846     		mov	r0, r5
 1181 053e 2146     		mov	r1, r4
 1182 0540 FFF7FEFF 		bl	__aeabi_fcmplt
 1183 0544 0028     		cmp	r0, #0
 1184 0546 41D0     		beq	.L96
 1185              	.LBB10:
 150:subsystems/navigation/nav_survey_rectangle.c ****     (SurveyGoingWest() && NavCourseCloseTo(270))) {
 1186              		.loc 1 150 0
 1187 0548 364B     		ldr	r3, .L153+28
 1188 054a 0026     		movs	r6, #0
 1189              	.LVL91:
 1190 054c 1868     		ldr	r0, [r3, #0]	@ float
 1191 054e FFF7FEFF 		bl	__aeabi_f2d
 1192 0552 2DA3     		adr	r3, .L153
 1193 0554 D3E90023 		ldrd	r2, [r3]
 1194 0558 FFF7FEFF 		bl	__aeabi_dmul
 1195 055c 2CA3     		adr	r3, .L153+8
 1196 055e D3E90023 		ldrd	r2, [r3]
 1197 0562 FFF7FEFF 		bl	__aeabi_dadd
 1198 0566 FFF7FEFF 		bl	__aeabi_d2f
 1199 056a 0446     		mov	r4, r0
 1200              	.LVL92:
 1201              	.LBB11:
 1202 056c 04E0     		b	.L115
 1203              	.LVL93:
 1204              	.L118:
 1205 056e 2046     		mov	r0, r4
 1206 0570 2949     		ldr	r1, .L153+16
 1207 0572 FFF7FEFF 		bl	__aeabi_fadd
 1208 0576 0446     		mov	r4, r0
 1209              	.L115:
 1210 0578 2046     		mov	r0, r4
 1211 057a 0021     		movs	r1, #0
 1212 057c F5B2     		uxtb	r5, r6
 1213 057e FFF7FEFF 		bl	__aeabi_fcmplt
 1214 0582 50B1     		cbz	r0, .L116
 1215 0584 0136     		adds	r6, r6, #1
 1216 0586 B6F5807F 		cmp	r6, #256
 1217 058a F0D1     		bne	.L118
 1218 058c 0025     		movs	r5, #0
 1219              	.LVL94:
 1220 058e 04E0     		b	.L116
 1221              	.L121:
 1222 0590 2046     		mov	r0, r4
 1223 0592 2149     		ldr	r1, .L153+16
 1224 0594 FFF7FEFF 		bl	__aeabi_fsub
 1225 0598 0446     		mov	r4, r0
 1226              	.L116:
 1227 059a 2046     		mov	r0, r4
 1228 059c 1E49     		ldr	r1, .L153+16
 1229 059e FFF7FEFF 		bl	__aeabi_fcmpge
 1230 05a2 18B1     		cbz	r0, .L119
 1231 05a4 0135     		adds	r5, r5, #1
 1232              	.LVL95:
 1233 05a6 EDB2     		uxtb	r5, r5
 1234              	.LVL96:
 1235 05a8 002D     		cmp	r5, #0
 1236 05aa F1D1     		bne	.L121
 1237              	.LVL97:
 1238              	.L119:
 1239              	.LBE11:
 1240 05ac 2046     		mov	r0, r4
 1241 05ae 1B49     		ldr	r1, .L153+20
 1242 05b0 FFF7FEFF 		bl	__aeabi_fcmpgt
 1243 05b4 20B9     		cbnz	r0, .L95
 1244 05b6 2046     		mov	r0, r4
 1245 05b8 1949     		ldr	r1, .L153+24
 1246 05ba FFF7FEFF 		bl	__aeabi_fcmplt
 1247 05be 28B1     		cbz	r0, .L96
 1248              	.LVL98:
 1249              	.L95:
 1250              	.LBE10:
 151:subsystems/navigation/nav_survey_rectangle.c ****       /* U-turn finished, back on a segment */
 152:subsystems/navigation/nav_survey_rectangle.c ****       survey_uturn = FALSE;
 1251              		.loc 1 152 0
 1252 05c0 194A     		ldr	r2, .L153+32
 1253 05c2 0023     		movs	r3, #0
 1254 05c4 1370     		strb	r3, [r2, #0]
 153:subsystems/navigation/nav_survey_rectangle.c ****       nav_in_circle = FALSE;
 1255              		.loc 1 153 0
 1256 05c6 194A     		ldr	r2, .L153+36
 1257 05c8 1370     		strb	r3, [r2, #0]
 147:subsystems/navigation/nav_survey_rectangle.c ****     if ((SurveyGoingNorth() && NavCourseCloseTo(0)) ||
 1258              		.loc 1 147 0
 1259 05ca 06E0     		b	.L75
 1260              	.LVL99:
 1261              	.L96:
 154:subsystems/navigation/nav_survey_rectangle.c ****       LINE_START_FUNCTION;
 155:subsystems/navigation/nav_survey_rectangle.c ****     } else {
 156:subsystems/navigation/nav_survey_rectangle.c ****       NavCircleWaypoint(0, survey_radius);
 1262              		.loc 1 156 0
 1263 05cc 184B     		ldr	r3, .L153+40
 1264 05ce 1868     		ldr	r0, [r3, #0]	@ float
 1265 05d0 5968     		ldr	r1, [r3, #4]	@ float
 1266 05d2 184B     		ldr	r3, .L153+44
 1267 05d4 1A68     		ldr	r2, [r3, #0]	@ float
 1268 05d6 FFF7FEFF 		bl	nav_circle_XY
 1269              	.LVL100:
 1270              	.L75:
 157:subsystems/navigation/nav_survey_rectangle.c ****     }
 158:subsystems/navigation/nav_survey_rectangle.c ****   }
 159:subsystems/navigation/nav_survey_rectangle.c ****   NavVerticalAutoThrottleMode(0.); /* No pitch */
 1271              		.loc 1 159 0
 1272 05da 174B     		ldr	r3, .L153+48
 1273 05dc 0022     		movs	r2, #0
 1274 05de 1A70     		strb	r2, [r3, #0]
 1275 05e0 164A     		ldr	r2, .L153+52
 1276 05e2 0023     		movs	r3, #0
 1277 05e4 1360     		str	r3, [r2, #0]	@ float
 160:subsystems/navigation/nav_survey_rectangle.c ****   NavVerticalAltitudeMode(WaypointAlt(wp1), 0.); /* No preclimb */
 1278              		.loc 1 160 0
 1279 05e6 164A     		ldr	r2, .L153+56
 1280 05e8 0321     		movs	r1, #3
 1281 05ea 1170     		strb	r1, [r2, #0]
 1282 05ec 0198     		ldr	r0, [sp, #4]
 1283 05ee 104A     		ldr	r2, .L153+40
 1284 05f0 0931     		adds	r1, r1, #9
 1285 05f2 01FB0022 		mla	r2, r1, r0, r2
 1286 05f6 9168     		ldr	r1, [r2, #8]	@ float
 1287 05f8 124A     		ldr	r2, .L153+60
 1288 05fa 1160     		str	r1, [r2, #0]	@ float
 1289 05fc 124A     		ldr	r2, .L153+64
 1290 05fe 1360     		str	r3, [r2, #0]	@ float
 161:subsystems/navigation/nav_survey_rectangle.c **** }
 1291              		.loc 1 161 0
 1292 0600 BDE8FE8F 		pop	{r1, r2, r3, r4, r5, r6, r7, r8, r9, sl, fp, pc}
 1293              	.L154:
 1294 0604 AFF30080 		.align	3
 1295              	.L153:
 1296 0608 F8C1631A 		.word	442745336
 1297 060c DCA54CC0 		.word	-1068718628
 1298 0610 00000000 		.word	0
 1299 0614 00E07040 		.word	1081139200
 1300 0618 0000B443 		.word	1135869952
 1301 061c 0000AF43 		.word	1135542272
 1302 0620 00002041 		.word	1092616192
 1303 0624 00000000 		.word	estimator_hspeed_dir
 1304 0628 00000000 		.word	.LANCHOR3
 1305 062c 00000000 		.word	nav_in_circle
 1306 0630 00000000 		.word	waypoints
 1307 0634 00000000 		.word	.LANCHOR4
 1308 0638 00000000 		.word	v_ctl_climb_mode
 1309 063c 00000000 		.word	nav_pitch
 1310 0640 00000000 		.word	v_ctl_mode
 1311 0644 00000000 		.word	nav_altitude
 1312 0648 00000000 		.word	v_ctl_altitude_pre_climb
 1313              		.cfi_endproc
 1314              	.LFE1:
 1316 064c AFF30080 		.section	.bss.survey_from,"aw",%nobits
 1317              		.align	2
 1318              		.set	.LANCHOR2,. + 0
 1321              	survey_from:
 1322 0000 00000000 		.space	12
 1322      00000000 
 1322      00000000 
 1323              		.section	.bss.survey_orientation,"aw",%nobits
 1324              		.set	.LANCHOR0,. + 0
 1327              	survey_orientation:
 1328 0000 00       		.space	1
 1329              		.section	.bss.survey_radius.2299,"aw",%nobits
 1330              		.align	2
 1331              		.set	.LANCHOR4,. + 0
 1334              	survey_radius.2299:
 1335 0000 00000000 		.space	4
 1336              		.section	.bss.survey_to,"aw",%nobits
 1337              		.align	2
 1338              		.set	.LANCHOR1,. + 0
 1341              	survey_to:
 1342 0000 00000000 		.space	12
 1342      00000000 
 1342      00000000 
 1343              		.section	.bss.survey_uturn,"aw",%nobits
 1344              		.set	.LANCHOR3,. + 0
 1347              	survey_uturn:
 1348 0000 00       		.space	1
 1349              		.text
 1350              	.Letext0:
DEFINED SYMBOLS
                            *ABS*:00000000 nav_survey_rectangle.c
     /tmp/ccmPidys.s:32     .text.nav_survey_rectangle_init:00000000 $t
     /tmp/ccmPidys.s:37     .text.nav_survey_rectangle_init:00000000 nav_survey_rectangle_init
     /tmp/ccmPidys.s:333    .text.nav_survey_rectangle_init:00000228 $d
     /tmp/ccmPidys.s:351    .text.nav_survey_rectangle_init:0000026c $t
     /tmp/ccmPidys.s:416    .text.nav_survey_rectangle_init:000002d0 $d
     /tmp/ccmPidys.s:432    .text.nav_survey_rectangle:00000000 $t
     /tmp/ccmPidys.s:437    .text.nav_survey_rectangle:00000000 nav_survey_rectangle
     /tmp/ccmPidys.s:796    .text.nav_survey_rectangle:00000244 $d
     /tmp/ccmPidys.s:816    .text.nav_survey_rectangle:00000280 $t
     /tmp/ccmPidys.s:1130   .text.nav_survey_rectangle:000004c0 $d
     /tmp/ccmPidys.s:1149   .text.nav_survey_rectangle:00000508 $t
     /tmp/ccmPidys.s:1296   .text.nav_survey_rectangle:00000608 $d
     /tmp/ccmPidys.s:1317   .bss.survey_from:00000000 $d
     /tmp/ccmPidys.s:1321   .bss.survey_from:00000000 survey_from
     /tmp/ccmPidys.s:1327   .bss.survey_orientation:00000000 survey_orientation
     /tmp/ccmPidys.s:1328   .bss.survey_orientation:00000000 $d
     /tmp/ccmPidys.s:1330   .bss.survey_radius.2299:00000000 $d
     /tmp/ccmPidys.s:1334   .bss.survey_radius.2299:00000000 survey_radius.2299
     /tmp/ccmPidys.s:1337   .bss.survey_to:00000000 $d
     /tmp/ccmPidys.s:1341   .bss.survey_to:00000000 survey_to
     /tmp/ccmPidys.s:1347   .bss.survey_uturn:00000000 survey_uturn
     /tmp/ccmPidys.s:1348   .bss.survey_uturn:00000000 $d
                     .debug_frame:00000010 $d
     /tmp/ccmPidys.s:1316   .text.nav_survey_rectangle:0000064c $t

UNDEFINED SYMBOLS
__aeabi_fcmplt
__aeabi_fcmpgt
__aeabi_f2d
__aeabi_dmul
__aeabi_dadd
__aeabi_dcmpgt
__aeabi_dcmplt
__aeabi_d2f
waypoints
nav_survey_west
nav_survey_east
nav_survey_south
nav_survey_north
estimator_x
estimator_y
estimator_hspeed_dir
nav_survey_shift
__aeabi_fadd
__aeabi_fmul
__aeabi_fsub
__aeabi_fcmpge
nav_route_xy
nav_survey_active
nav_in_segment
nav_circle_XY
nav_in_circle
v_ctl_climb_mode
nav_pitch
v_ctl_mode
nav_altitude
v_ctl_altitude_pre_climb
