   1              		.syntax unified
   2              		.cpu cortex-m3
   3              		.fpu softvfp
   4              		.eabi_attribute 20, 1
   5              		.eabi_attribute 21, 1
   6              		.eabi_attribute 23, 3
   7              		.eabi_attribute 24, 1
   8              		.eabi_attribute 25, 1
   9              		.eabi_attribute 26, 1
  10              		.eabi_attribute 30, 4
  11              		.eabi_attribute 18, 4
  12              		.thumb
  13              		.file	"plug_sys.c"
  21              	.Ltext0:
  22              		.cfi_sections	.debug_frame
  23              		.section	.text._lseek,"ax",%progbits
  24              		.align	1
  25              		.global	_lseek
  26              		.thumb
  27              		.thumb_func
  29              	_lseek:
  30              	.LFB0:
  31              		.file 1 "lisa/plug_sys.c"
   1:lisa/plug_sys.c **** /*
   2:lisa/plug_sys.c ****  *
   3:lisa/plug_sys.c ****  *  looks like some functions of the math lib (eg sqrt, atan2) insist to believe
   4:lisa/plug_sys.c ****  *  they are running on UNIX. Let's keep them happy !
   5:lisa/plug_sys.c ****  *
   6:lisa/plug_sys.c ****  */
   7:lisa/plug_sys.c **** 
   8:lisa/plug_sys.c **** #include <unistd.h>
   9:lisa/plug_sys.c **** extern off_t                  _lseek(int, off_t, int);
  10:lisa/plug_sys.c **** extern void                   abort(void);
  11:lisa/plug_sys.c **** extern int                    kill(pid_t, int);
  12:lisa/plug_sys.c **** extern void *                 _sbrk(int);
  13:lisa/plug_sys.c **** extern ssize_t                _write(int, const void *, size_t);
  14:lisa/plug_sys.c **** extern int                    _close(int);
  15:lisa/plug_sys.c **** extern ssize_t                _read(int, void *, size_t);
  16:lisa/plug_sys.c **** 
  17:lisa/plug_sys.c **** off_t                  _lseek(int a, off_t b, int c) { return b;}
  32              		.loc 1 17 0
  33              		.cfi_startproc
  34              		@ args = 0, pretend = 0, frame = 0
  35              		@ frame_needed = 0, uses_anonymous_args = 0
  36              		@ link register save eliminated.
  37              	.LVL0:
  38              		.loc 1 17 0
  39 0000 0846     		mov	r0, r1
  40              	.LVL1:
  41 0002 7047     		bx	lr
  42              		.cfi_endproc
  43              	.LFE0:
  45              		.section	.text.abort,"ax",%progbits
  46              		.align	1
  47              		.global	abort
  48              		.thumb
  49              		.thumb_func
  51              	abort:
  52              	.LFB1:
  18:lisa/plug_sys.c **** void                   abort(void) {while(1){};}
  53              		.loc 1 18 0
  54              		.cfi_startproc
  55              		@ Volatile: function does not return.
  56              		@ args = 0, pretend = 0, frame = 0
  57              		@ frame_needed = 0, uses_anonymous_args = 0
  58              		@ link register save eliminated.
  59              	.L4:
  60 0000 FEE7     		b	.L4
  61              		.cfi_endproc
  62              	.LFE1:
  64              		.section	.text.getpid,"ax",%progbits
  65              		.align	1
  66              		.global	getpid
  67              		.thumb
  68              		.thumb_func
  70              	getpid:
  71              	.LFB2:
  19:lisa/plug_sys.c **** pid_t                  getpid(void) { return 0;}
  72              		.loc 1 19 0
  73              		.cfi_startproc
  74              		@ args = 0, pretend = 0, frame = 0
  75              		@ frame_needed = 0, uses_anonymous_args = 0
  76              		@ link register save eliminated.
  77              		.loc 1 19 0
  78 0000 0020     		movs	r0, #0
  79 0002 7047     		bx	lr
  80              		.cfi_endproc
  81              	.LFE2:
  83              		.section	.text.kill,"ax",%progbits
  84              		.align	1
  85              		.global	kill
  86              		.thumb
  87              		.thumb_func
  89              	kill:
  90              	.LFB3:
  20:lisa/plug_sys.c **** int                    kill(pid_t a, int b) {return 0;}
  91              		.loc 1 20 0
  92              		.cfi_startproc
  93              		@ args = 0, pretend = 0, frame = 0
  94              		@ frame_needed = 0, uses_anonymous_args = 0
  95              		@ link register save eliminated.
  96              	.LVL2:
  97              		.loc 1 20 0
  98 0000 0020     		movs	r0, #0
  99              	.LVL3:
 100 0002 7047     		bx	lr
 101              		.cfi_endproc
 102              	.LFE3:
 104              		.section	.text._sbrk,"ax",%progbits
 105              		.align	1
 106              		.global	_sbrk
 107              		.thumb
 108              		.thumb_func
 110              	_sbrk:
 111              	.LFB4:
  21:lisa/plug_sys.c **** void *                 _sbrk(int a) {return 0;}
 112              		.loc 1 21 0
 113              		.cfi_startproc
 114              		@ args = 0, pretend = 0, frame = 0
 115              		@ frame_needed = 0, uses_anonymous_args = 0
 116              		@ link register save eliminated.
 117              	.LVL4:
 118              		.loc 1 21 0
 119 0000 0020     		movs	r0, #0
 120              	.LVL5:
 121 0002 7047     		bx	lr
 122              		.cfi_endproc
 123              	.LFE4:
 125              		.section	.text._write,"ax",%progbits
 126              		.align	1
 127              		.global	_write
 128              		.thumb
 129              		.thumb_func
 131              	_write:
 132              	.LFB5:
  22:lisa/plug_sys.c **** ssize_t                _write(int a, const void *b, size_t c) {return 0; }
 133              		.loc 1 22 0
 134              		.cfi_startproc
 135              		@ args = 0, pretend = 0, frame = 0
 136              		@ frame_needed = 0, uses_anonymous_args = 0
 137              		@ link register save eliminated.
 138              	.LVL6:
 139              		.loc 1 22 0
 140 0000 0020     		movs	r0, #0
 141              	.LVL7:
 142 0002 7047     		bx	lr
 143              		.cfi_endproc
 144              	.LFE5:
 146              		.section	.text._close,"ax",%progbits
 147              		.align	1
 148              		.global	_close
 149              		.thumb
 150              		.thumb_func
 152              	_close:
 153              	.LFB6:
  23:lisa/plug_sys.c **** int                    _close(int a) { return 0;}
 154              		.loc 1 23 0
 155              		.cfi_startproc
 156              		@ args = 0, pretend = 0, frame = 0
 157              		@ frame_needed = 0, uses_anonymous_args = 0
 158              		@ link register save eliminated.
 159              	.LVL8:
 160              		.loc 1 23 0
 161 0000 0020     		movs	r0, #0
 162              	.LVL9:
 163 0002 7047     		bx	lr
 164              		.cfi_endproc
 165              	.LFE6:
 167              		.section	.text._read,"ax",%progbits
 168              		.align	1
 169              		.global	_read
 170              		.thumb
 171              		.thumb_func
 173              	_read:
 174              	.LFB7:
  24:lisa/plug_sys.c **** ssize_t                _read(int a, void *b, size_t c) {return 0;}
 175              		.loc 1 24 0
 176              		.cfi_startproc
 177              		@ args = 0, pretend = 0, frame = 0
 178              		@ frame_needed = 0, uses_anonymous_args = 0
 179              		@ link register save eliminated.
 180              	.LVL10:
 181              		.loc 1 24 0
 182 0000 0020     		movs	r0, #0
 183              	.LVL11:
 184 0002 7047     		bx	lr
 185              		.cfi_endproc
 186              	.LFE7:
 188              		.text
 189              	.Letext0:
DEFINED SYMBOLS
                            *ABS*:00000000 plug_sys.c
     /tmp/ccFEFUbY.s:24     .text._lseek:00000000 $t
     /tmp/ccFEFUbY.s:29     .text._lseek:00000000 _lseek
     /tmp/ccFEFUbY.s:46     .text.abort:00000000 $t
     /tmp/ccFEFUbY.s:51     .text.abort:00000000 abort
     /tmp/ccFEFUbY.s:65     .text.getpid:00000000 $t
     /tmp/ccFEFUbY.s:70     .text.getpid:00000000 getpid
     /tmp/ccFEFUbY.s:84     .text.kill:00000000 $t
     /tmp/ccFEFUbY.s:89     .text.kill:00000000 kill
     /tmp/ccFEFUbY.s:105    .text._sbrk:00000000 $t
     /tmp/ccFEFUbY.s:110    .text._sbrk:00000000 _sbrk
     /tmp/ccFEFUbY.s:126    .text._write:00000000 $t
     /tmp/ccFEFUbY.s:131    .text._write:00000000 _write
     /tmp/ccFEFUbY.s:147    .text._close:00000000 $t
     /tmp/ccFEFUbY.s:152    .text._close:00000000 _close
     /tmp/ccFEFUbY.s:168    .text._read:00000000 $t
     /tmp/ccFEFUbY.s:173    .text._read:00000000 _read
                     .debug_frame:00000010 $d

NO UNDEFINED SYMBOLS
