   1              		.syntax unified
   2              		.cpu cortex-m3
   3              		.fpu softvfp
   4              		.eabi_attribute 20, 1
   5              		.eabi_attribute 21, 1
   6              		.eabi_attribute 23, 3
   7              		.eabi_attribute 24, 1
   8              		.eabi_attribute 25, 1
   9              		.eabi_attribute 26, 1
  10              		.eabi_attribute 30, 4
  11              		.eabi_attribute 18, 4
  12              		.thumb
  13              		.file	"servos_direct_hw.c"
  21              	.Ltext0:
  22              		.cfi_sections	.debug_frame
  23              		.section	.text.actuators_init,"ax",%progbits
  24              		.align	1
  25              		.global	actuators_init
  26              		.thumb
  27              		.thumb_func
  29              	actuators_init:
  30              	.LFB0:
  31              		.file 1 "arch/stm32/servos_direct_hw.c"
   1:arch/stm32/servos_direct_hw.c **** #include "std.h"
   2:arch/stm32/servos_direct_hw.c **** #include "actuators.h"
   3:arch/stm32/servos_direct_hw.c **** #include "servos_direct_hw.h"
   4:arch/stm32/servos_direct_hw.c **** 
   5:arch/stm32/servos_direct_hw.c **** int32_t actuators_pwm_values[ACTUATORS_PWM_NB];
   6:arch/stm32/servos_direct_hw.c **** 
   7:arch/stm32/servos_direct_hw.c **** void actuators_init ( void ) {
  32              		.loc 1 7 0
  33              		.cfi_startproc
  34              		@ args = 0, pretend = 0, frame = 0
  35              		@ frame_needed = 0, uses_anonymous_args = 0
  36              		@ link register save eliminated.
   8:arch/stm32/servos_direct_hw.c ****   actuators_pwm_arch_init();
   9:arch/stm32/servos_direct_hw.c **** }
  37              		.loc 1 9 0
   8:arch/stm32/servos_direct_hw.c ****   actuators_pwm_arch_init();
  38              		.loc 1 8 0
  39 0000 FFF7FEBF 		b	actuators_pwm_arch_init
  40              		.cfi_endproc
  41              	.LFE0:
  43              		.global	actuators_pwm_values
  44              		.section	.bss.actuators_pwm_values,"aw",%nobits
  45              		.align	2
  48              	actuators_pwm_values:
  49 0000 00000000 		.space	24
  49      00000000 
  49      00000000 
  49      00000000 
  49      00000000 
  50              		.text
  51              	.Letext0:
  52              		.file 2 "/opt/paparazzi/arm-multilib/lib/gcc/arm-none-eabi/4.4.5/../../../../arm-none-eabi/include
DEFINED SYMBOLS
                            *ABS*:00000000 servos_direct_hw.c
     /tmp/cc1fhf6l.s:24     .text.actuators_init:00000000 $t
     /tmp/cc1fhf6l.s:29     .text.actuators_init:00000000 actuators_init
     /tmp/cc1fhf6l.s:48     .bss.actuators_pwm_values:00000000 actuators_pwm_values
     /tmp/cc1fhf6l.s:45     .bss.actuators_pwm_values:00000000 $d
                     .debug_frame:00000010 $d

UNDEFINED SYMBOLS
actuators_pwm_arch_init
